<?xml version="1.0" encoding="UTF-8"?>
<testsuite name="com.welyab.ankobachen.BoardTest" tests="964" skipped="0" failures="0" errors="0" timestamp="2021-06-28T00:33:07" hostname="WELYAB-G5" time="295.669">
  <properties/>
  <testcase name="[1] bqnb1rkr/pp3ppp/3ppn2/2p5/5P2/P2P4/NPP1P1PP/BQ1BNRKR w HFhf - 2 9, 21, 528, 12189, 326672, 8146062, 227689589" classname="com.welyab.ankobachen.BoardTest" time="2.598"/>
  <testcase name="[2] 2nnrbkr/p1qppppp/8/1ppb4/6PP/3PP3/PPP2P2/BQNNRBKR w HEhe - 1 9, 21, 807, 18002, 667366, 16253601, 590751109" classname="com.welyab.ankobachen.BoardTest" time="0.757"/>
  <testcase name="[3] b1q1rrkb/pppppppp/3nn3/8/P7/1PPP4/4PPPP/BQNNRKRB w GE - 1 9, 20, 479, 10471, 273318, 6417013, 177654692" classname="com.welyab.ankobachen.BoardTest" time="0.152"/>
  <testcase name="[4] qbbnnrkr/2pp2pp/p7/1p2pp2/8/P3PP2/1PPP1KPP/QBBNNR1R w hf - 0 9, 22, 593, 13440, 382958, 9183776, 274103539" classname="com.welyab.ankobachen.BoardTest" time="0.195"/>
  <testcase name="[5] 1nbbnrkr/p1p1ppp1/3p4/1p3P1p/3Pq2P/8/PPP1P1P1/QNBBNRKR w HFhf - 0 9, 28, 1120, 31058, 1171749, 34030312, 1250970898" classname="com.welyab.ankobachen.BoardTest" time="0.638"/>
  <testcase name="[6] qnbnr1kr/ppp1b1pp/4p3/3p1p2/8/2NPP3/PPP1BPPP/QNB1R1KR w HEhe - 1 9, 29, 899, 26578, 824055, 24851983, 775718317" classname="com.welyab.ankobachen.BoardTest" time="0.409"/>
  <testcase name="[7] q1bnrkr1/ppppp2p/2n2p2/4b1p1/2NP4/8/PPP1PPPP/QNB1RRKB w ge - 1 9, 30, 860, 24566, 732757, 21093346, 649209803" classname="com.welyab.ankobachen.BoardTest" time="0.318"/>
  <testcase name="[8] qbn1brkr/ppp1p1p1/2n4p/3p1p2/P7/6PP/QPPPPP2/1BNNBRKR w HFhf - 0 9, 25, 635, 17054, 465806, 13203304, 377184252" classname="com.welyab.ankobachen.BoardTest" time="0.212"/>
  <testcase name="[9] qnnbbrkr/1p2ppp1/2pp3p/p7/1P5P/2NP4/P1P1PPP1/Q1NBBRKR w HFhf - 0 9, 24, 572, 15243, 384260, 11110203, 293989890" classname="com.welyab.ankobachen.BoardTest" time="0.148"/>
  <testcase name="[10] qn1rbbkr/ppp2p1p/1n1pp1p1/8/3P4/P6P/1PP1PPPK/QNNRBB1R w hd - 2 9, 28, 811, 23175, 679699, 19836606, 594527992" classname="com.welyab.ankobachen.BoardTest" time="0.248"/>
  <testcase name="[11] qnr1bkrb/pppp2pp/3np3/5p2/8/P2P2P1/NPP1PP1P/QN1RBKRB w GDg - 3 9, 33, 823, 26895, 713420, 23114629, 646390782" classname="com.welyab.ankobachen.BoardTest" time="0.328"/>
  <testcase name="[12] qb1nrkbr/1pppp1p1/1n3p2/p1B4p/8/3P1P1P/PPP1P1P1/QBNNRK1R w HEhe - 0 9, 31, 855, 25620, 735703, 21796206, 651054626" classname="com.welyab.ankobachen.BoardTest" time="0.409"/>
  <testcase name="[13] qnnbrk1r/1p1ppbpp/2p5/p4p2/2NP3P/8/PPP1PPP1/Q1NBRKBR w HEhe - 0 9, 26, 790, 21238, 642367, 17819770, 544866674" classname="com.welyab.ankobachen.BoardTest" time="0.368"/>
  <testcase name="[14] 1qnrkbbr/1pppppp1/p1n4p/8/P7/1P1N1P2/2PPP1PP/QN1RKBBR w HDhd - 0 9, 37, 883, 32187, 815535, 29370838, 783201510" classname="com.welyab.ankobachen.BoardTest" time="0.411"/>
  <testcase name="[15] qn1rkrbb/pp1p1ppp/2p1p3/3n4/4P2P/2NP4/PPP2PP1/Q1NRKRBB w FDfd - 1 9, 24, 585, 14769, 356950, 9482310, 233468620" classname="com.welyab.ankobachen.BoardTest" time="0.233"/>
  <testcase name="[16] bb1qnrkr/pp1p1pp1/1np1p3/4N2p/8/1P4P1/P1PPPP1P/BBNQ1RKR w HFhf - 0 9, 29, 864, 25747, 799727, 24219627, 776836316" classname="com.welyab.ankobachen.BoardTest" time="0.422"/>
  <testcase name="[17] bnqbnr1r/p1p1ppkp/3p4/1p4p1/P7/3NP2P/1PPP1PP1/BNQB1RKR w HF - 0 9, 26, 889, 24353, 832956, 23701014, 809194268" classname="com.welyab.ankobachen.BoardTest" time="0.476"/>
  <testcase name="[18] bnqnrbkr/1pp2pp1/p7/3pP2p/4P1P1/8/PPPP3P/BNQNRBKR w HEhe d6 0 9, 31, 984, 28677, 962591, 29032175, 1008880643" classname="com.welyab.ankobachen.BoardTest" time="0.496"/>
  <testcase name="[19] b1qnrrkb/ppp1pp1p/n2p1Pp1/8/8/P7/1PPPP1PP/BNQNRKRB w GE - 0 9, 20, 484, 10532, 281606, 6718715, 193594729" classname="com.welyab.ankobachen.BoardTest" time="0.347"/>
  <testcase name="[20] n1bqnrkr/pp1ppp1p/2p5/6p1/2P2b2/PN6/1PNPPPPP/1BBQ1RKR w HFhf - 2 9, 23, 732, 17746, 558191, 14481581, 457140569" classname="com.welyab.ankobachen.BoardTest" time="0.386"/>
  <testcase name="[21] n1bb1rkr/qpnppppp/2p5/p7/P1P5/5P2/1P1PPRPP/NQBBN1KR w Hhf - 1 9, 27, 697, 18724, 505089, 14226907, 400942568" classname="com.welyab.ankobachen.BoardTest" time="0.196"/>
  <testcase name="[22] nqb1rbkr/pppppp1p/4n3/6p1/4P3/1NP4P/PP1P1PP1/1QBNRBKR w HEhe - 1 9, 28, 641, 18811, 456916, 13780398, 354122358" classname="com.welyab.ankobachen.BoardTest" time="0.221"/>
  <testcase name="[23] n1bnrrkb/pp1pp2p/2p2p2/6p1/5B2/3P4/PPP1PPPP/NQ1NRKRB w GE - 2 9, 28, 606, 16883, 381646, 10815324, 254026570" classname="com.welyab.ankobachen.BoardTest" time="0.191"/>
  <testcase name="[24] nbqnbrkr/2ppp1p1/pp3p1p/8/4N2P/1N6/PPPPPPP1/1BQ1BRKR w HFhf - 0 9, 26, 626, 17268, 437525, 12719546, 339132046" classname="com.welyab.ankobachen.BoardTest" time="0.218"/>
  <testcase name="[25] nq1bbrkr/pp2nppp/2pp4/4p3/1PP1P3/1B6/P2P1PPP/NQN1BRKR w HFhf - 2 9, 21, 504, 11812, 302230, 7697880, 207028745" classname="com.welyab.ankobachen.BoardTest" time="0.272"/>
  <testcase name="[26] nqnrb1kr/2pp1ppp/1p1bp3/p1B5/5P2/3N4/PPPPP1PP/NQ1R1BKR w HDhd - 0 9, 30, 672, 19307, 465317, 13454573, 345445468" classname="com.welyab.ankobachen.BoardTest" time="0.266"/>
  <testcase name="[27] nqn2krb/p1prpppp/1pbp4/7P/5P2/8/PPPPPKP1/NQNRB1RB w g - 3 9, 21, 461, 10608, 248069, 6194124, 152861936" classname="com.welyab.ankobachen.BoardTest" time="0.134"/>
  <testcase name="[28] nb1n1kbr/ppp1rppp/3pq3/P3p3/8/4P3/1PPPRPPP/NBQN1KBR w Hh - 1 9, 19, 566, 11786, 358337, 8047916, 249171636" classname="com.welyab.ankobachen.BoardTest" time="0.16"/>
  <testcase name="[29] nqnbrkbr/1ppppp1p/p7/6p1/6P1/P6P/1PPPPP2/NQNBRKBR w HEhe - 1 9, 20, 382, 8694, 187263, 4708975, 112278808" classname="com.welyab.ankobachen.BoardTest" time="0.092"/>
  <testcase name="[30] nq1rkb1r/pp1pp1pp/1n2bp1B/2p5/8/5P1P/PPPPP1P1/NQNRKB1R w HDhd - 2 9, 24, 809, 20090, 673811, 17647882, 593457788" classname="com.welyab.ankobachen.BoardTest" time="0.36"/>
  <testcase name="[31] nqnrkrb1/pppppp2/7p/4b1p1/8/PN1NP3/1PPP1PPP/1Q1RKRBB w FDfd - 1 9, 26, 683, 18102, 473911, 13055173, 352398011" classname="com.welyab.ankobachen.BoardTest" time="0.255"/>
  <testcase name="[32] bb1nqrkr/1pp1ppp1/pn5p/3p4/8/P2NNP2/1PPPP1PP/BB2QRKR w HFhf - 0 9, 29, 695, 21193, 552634, 17454857, 483785639" classname="com.welyab.ankobachen.BoardTest" time="0.27"/>
  <testcase name="[33] bnn1qrkr/pp1ppp1p/2p5/b3Q1p1/8/5P1P/PPPPP1P1/BNNB1RKR w HFhf - 2 9, 44, 920, 35830, 795317, 29742670, 702867204" classname="com.welyab.ankobachen.BoardTest" time="0.388"/>
  <testcase name="[34] bnnqrbkr/pp1p2p1/2p1p2p/5p2/1P5P/1R6/P1PPPPP1/BNNQRBK1 w Ehe - 0 9, 33, 1022, 32724, 1024721, 32898113, 1047360456" classname="com.welyab.ankobachen.BoardTest" time="0.475"/>
  <testcase name="[35] b1nqrkrb/2pppppp/p7/1P6/1n6/P4P2/1P1PP1PP/BNNQRKRB w GEge - 0 9, 23, 638, 15744, 446539, 11735969, 344211589" classname="com.welyab.ankobachen.BoardTest" time="0.22"/>
  <testcase name="[36] n1bnqrkr/3ppppp/1p6/pNp1b3/2P3P1/8/PP1PPP1P/NBB1QRKR w HFhf - 1 9, 29, 728, 20768, 532084, 15621236, 415766465" classname="com.welyab.ankobachen.BoardTest" time="0.265"/>
  <testcase name="[37] n2bqrkr/p1p1pppp/1pn5/3p1b2/P6P/1NP5/1P1PPPP1/1NBBQRKR w HFhf - 3 9, 20, 533, 12152, 325059, 8088751, 223068417" classname="com.welyab.ankobachen.BoardTest" time="0.158"/>
  <testcase name="[38] nnbqrbkr/1pp1p1p1/p2p4/5p1p/2P1P3/N7/PPQP1PPP/N1B1RBKR w HEhe - 0 9, 27, 619, 18098, 444421, 13755384, 357222394" classname="com.welyab.ankobachen.BoardTest" time="0.316"/>
  <testcase name="[39] nnbqrkr1/pp1pp2p/2p2b2/5pp1/1P5P/4P1P1/P1PP1P2/NNBQRKRB w GEge - 1 9, 32, 1046, 33721, 1111186, 36218182, 1202830851" classname="com.welyab.ankobachen.BoardTest" time="0.572"/>
  <testcase name="[40] nb1qbrkr/p1pppp2/1p1n2pp/8/1P6/2PN3P/P2PPPP1/NB1QBRKR w HFhf - 0 9, 25, 521, 14021, 306427, 8697700, 201455191" classname="com.welyab.ankobachen.BoardTest" time="0.146"/>
  <testcase name="[41] nnq1brkr/pp1pppp1/8/2p4P/8/5K2/PPPbPP1P/NNQBBR1R w hf - 0 9, 23, 724, 18263, 571072, 15338230, 484638597" classname="com.welyab.ankobachen.BoardTest" time="0.34"/>
  <testcase name="[42] nnqrbb1r/pppppk2/5pp1/7p/1P6/3P2PP/P1P1PP2/NNQRBBKR w HD - 0 9, 30, 717, 21945, 547145, 17166700, 450069742" classname="com.welyab.ankobachen.BoardTest" time="0.26"/>
  <testcase name="[43] nnqr1krb/p1p1pppp/2bp4/8/1p1P4/4P3/PPP2PPP/NNQRBKRB w GDgd - 0 9, 25, 873, 20796, 728628, 18162741, 641708630" classname="com.welyab.ankobachen.BoardTest" time="0.398"/>
  <testcase name="[44] nbnqrkbr/p2ppp2/1p4p1/2p4p/3P3P/3N4/PPP1PPPR/NB1QRKB1 w Ehe - 0 9, 24, 589, 15190, 382317, 10630667, 279474189" classname="com.welyab.ankobachen.BoardTest" time="0.204"/>
  <testcase name="[45] n1qbrkbr/p1ppp2p/2n2pp1/1p6/1P6/2P3P1/P2PPP1P/NNQBRKBR w HEhe - 0 9, 22, 592, 14269, 401976, 10356818, 301583306" classname="com.welyab.ankobachen.BoardTest" time="0.227"/>
  <testcase name="[46] 2qrkbbr/ppn1pppp/n1p5/3p4/5P2/P1PP4/1P2P1PP/NNQRKBBR w HDhd - 1 9, 27, 750, 20584, 605458, 16819085, 516796736" classname="com.welyab.ankobachen.BoardTest" time="0.331"/>
  <testcase name="[47] 1nqr1rbb/pppkp1pp/1n3p2/3p4/1P6/5P1P/P1PPPKP1/NNQR1RBB w - - 1 9, 24, 623, 15921, 429446, 11594634, 322745925" classname="com.welyab.ankobachen.BoardTest" time="0.217"/>
  <testcase name="[48] bbn1rqkr/pp1pp2p/4npp1/2p5/1P6/2BPP3/P1P2PPP/1BNNRQKR w HEhe - 0 9, 23, 730, 17743, 565340, 14496370, 468608864" classname="com.welyab.ankobachen.BoardTest" time="0.327"/>
  <testcase name="[49] bn1brqkr/pppp2p1/3npp2/7p/PPP5/8/3PPPPP/BNNBRQKR w HEhe - 0 9, 25, 673, 17835, 513696, 14284338, 434008567" classname="com.welyab.ankobachen.BoardTest" time="0.359"/>
  <testcase name="[50] bn1rqbkr/ppp1ppp1/1n6/2p4p/7P/3P4/PPP1PPP1/BN1RQBKR w HDhd - 0 9, 25, 776, 20562, 660217, 18486027, 616653869" classname="com.welyab.ankobachen.BoardTest" time="0.261"/>
  <testcase name="[51] bnnr1krb/ppp2ppp/3p4/3Bp3/q1P3PP/8/PP1PPP2/BNNRQKR1 w GDgd - 0 9, 29, 1040, 30772, 1053113, 31801525, 1075147725" classname="com.welyab.ankobachen.BoardTest" time="0.473"/>
  <testcase name="[52] 1bbnrqkr/pp1ppppp/8/2p5/n7/3PNPP1/PPP1P2P/NBB1RQKR w HEhe - 1 9, 24, 598, 15673, 409766, 11394778, 310589129" classname="com.welyab.ankobachen.BoardTest" time="0.19"/>
  <testcase name="[53] nnbbrqkr/p2ppp1p/1pp5/8/6p1/N1P5/PPBPPPPP/N1B1RQKR w HEhe - 0 9, 26, 530, 14031, 326312, 8846766, 229270702" classname="com.welyab.ankobachen.BoardTest" time="0.187"/>
  <testcase name="[54] nnbrqbkr/2p1p1pp/p4p2/1p1p4/8/NP6/P1PPPPPP/N1BRQBKR w HDhd - 0 9, 17, 496, 10220, 303310, 7103549, 217108001" classname="com.welyab.ankobachen.BoardTest" time="0.169"/>
  <testcase name="[55] nnbrqk1b/pp2pprp/2pp2p1/8/3PP1P1/8/PPP2P1P/NNBRQRKB w d - 1 9, 33, 820, 27856, 706784, 24714401, 645835197" classname="com.welyab.ankobachen.BoardTest" time="0.233"/>
  <testcase name="[56] 1bnrbqkr/ppnpp1p1/2p2p1p/8/1P6/4PPP1/P1PP3P/NBNRBQKR w HDhd - 0 9, 27, 705, 19760, 548680, 15964771, 464662032" classname="com.welyab.ankobachen.BoardTest" time="0.253"/>
  <testcase name="[57] n1rbbqkr/pp1pppp1/7p/P1p5/1n6/2PP4/1P2PPPP/NNRBBQKR w HChc - 0 9, 22, 631, 14978, 431801, 10911545, 320838556" classname="com.welyab.ankobachen.BoardTest" time="0.211"/>
  <testcase name="[58] n1rqb1kr/p1pppp1p/1pn4b/3P2p1/P7/1P6/2P1PPPP/NNRQBBKR w HChc - 0 9, 24, 477, 12506, 263189, 7419372, 165945904" classname="com.welyab.ankobachen.BoardTest" time="0.203"/>
  <testcase name="[59] nnrqbkrb/pppp1pp1/7p/4p3/6P1/2N2B2/PPPPPP1P/NR1QBKR1 w Ggc - 2 9, 29, 658, 19364, 476620, 14233587, 373744834" classname="com.welyab.ankobachen.BoardTest" time="0.184"/>
  <testcase name="[60] n1nrqkbr/ppb2ppp/3pp3/2p5/2P3P1/5P2/PP1PPB1P/NBNRQK1R w HDhd - 1 9, 32, 801, 25861, 681428, 22318948, 619857455" classname="com.welyab.ankobachen.BoardTest" time="0.329"/>
  <testcase name="[61] 2rbqkbr/p1pppppp/1nn5/1p6/7P/P4P2/1PPPP1PB/NNRBQK1R w HChc - 2 9, 27, 647, 18030, 458057, 13189156, 354689323" classname="com.welyab.ankobachen.BoardTest" time="0.226"/>
  <testcase name="[62] nn1qkbbr/pp2ppp1/2rp4/2p4p/P2P4/1N5P/1PP1PPP1/1NRQKBBR w HCh - 1 9, 24, 738, 18916, 586009, 16420659, 519075930" classname="com.welyab.ankobachen.BoardTest" time="0.269"/>
  <testcase name="[63] nnrqk1bb/p1ppp2p/5rp1/1p3p2/1P4P1/5P1P/P1PPP3/NNRQKRBB w FCc - 1 9, 25, 795, 20510, 648945, 17342527, 556144017" classname="com.welyab.ankobachen.BoardTest" time="0.275"/>
  <testcase name="[64] bb1nrkqr/ppppn2p/4ppp1/8/1P4P1/4P3/P1PPKP1P/BBNNR1QR w he - 0 9, 29, 664, 20024, 498376, 15373803, 406016364" classname="com.welyab.ankobachen.BoardTest" time="0.232"/>
  <testcase name="[65] bnnbrkqr/1p1ppp2/8/p1p3pp/1P6/N4P2/PBPPP1PP/2NBRKQR w HEhe - 0 9, 31, 770, 24850, 677212, 22562080, 662029574" classname="com.welyab.ankobachen.BoardTest" time="0.351"/>
  <testcase name="[66] 1nnrkbqr/p1pp1ppp/4p3/1p6/1Pb1P3/6PB/P1PP1P1P/BNNRK1QR w HDhd - 0 9, 27, 776, 22133, 641002, 19153245, 562738257" classname="com.welyab.ankobachen.BoardTest" time="0.482"/>
  <testcase name="[67] bnr1kqrb/pppp1pp1/1n5p/4p3/P3P3/3P2P1/1PP2P1P/BNNRKQRB w GDg - 0 9, 26, 624, 16411, 435426, 11906515, 338092952" classname="com.welyab.ankobachen.BoardTest" time="0.227"/>
  <testcase name="[68] nbbnrkqr/p1ppp1pp/1p3p2/8/2P5/4P3/PP1P1PPP/NBBNRKQR w HEhe - 1 9, 25, 624, 15561, 419635, 10817378, 311138112" classname="com.welyab.ankobachen.BoardTest" time="0.186"/>
  <testcase name="[69] nn1brkqr/pp1bpppp/8/2pp4/P4P2/1PN5/2PPP1PP/N1BBRKQR w HEhe - 1 9, 23, 659, 16958, 476567, 13242252, 373557073" classname="com.welyab.ankobachen.BoardTest" time="0.231"/>
  <testcase name="[70] n1brkbqr/ppp1pp1p/6pB/3p4/2Pn4/8/PP2PPPP/NN1RKBQR w HDhd - 0 9, 32, 1026, 30360, 978278, 29436320, 957904151" classname="com.welyab.ankobachen.BoardTest" time="0.499"/>
  <testcase name="[71] nnbrkqrb/p2ppp2/Q5pp/1pp5/4PP2/2N5/PPPP2PP/N1BRK1RB w GDgd - 0 9, 36, 843, 29017, 715537, 24321197, 630396940" classname="com.welyab.ankobachen.BoardTest" time="0.402"/>
  <testcase name="[72] nbnrbk1r/pppppppq/8/7p/8/1N2QPP1/PPPPP2P/NB1RBK1R w HDhd - 2 9, 36, 973, 35403, 1018054, 37143354, 1124883780" classname="com.welyab.ankobachen.BoardTest" time="0.542"/>
  <testcase name="[73] nnrbbkqr/2pppp1p/p7/6p1/1p2P3/4QPP1/PPPP3P/NNRBBK1R w HChc - 0 9, 36, 649, 22524, 489526, 16836636, 416139320" classname="com.welyab.ankobachen.BoardTest" time="0.309"/>
  <testcase name="[74] nnrkbbqr/1p2pppp/p2p4/2p5/8/1N2P1P1/PPPP1P1P/1NKRBBQR w hc - 0 9, 26, 672, 18136, 477801, 13342771, 363074681" classname="com.welyab.ankobachen.BoardTest" time="0.216"/>
  <testcase name="[75] n1rkbqrb/pp1ppp2/2n3p1/2p4p/P5PP/1P6/2PPPP2/NNRKBQRB w GCgc - 0 9, 24, 804, 20712, 684001, 18761475, 617932151" classname="com.welyab.ankobachen.BoardTest" time="0.271"/>
  <testcase name="[76] nbkr1qbr/1pp1pppp/pn1p4/8/3P2P1/5R2/PPP1PP1P/NBN1KQBR w H - 2 9, 30, 627, 18669, 423329, 12815016, 312798696" classname="com.welyab.ankobachen.BoardTest" time="0.18"/>
  <testcase name="[77] nnr1kqbr/pp1pp1p1/2p5/b4p1p/P7/1PNP4/2P1PPPP/N1RBKQBR w HChc - 1 9, 12, 421, 6530, 227044, 4266410, 149176979" classname="com.welyab.ankobachen.BoardTest" time="0.096"/>
  <testcase name="[78] n1rkqbbr/p1pp1pp1/np2p2p/8/8/N4PP1/PPPPP1BP/N1RKQ1BR w HChc - 0 9, 27, 670, 19119, 494690, 14708490, 397268628" classname="com.welyab.ankobachen.BoardTest" time="0.193"/>
  <testcase name="[79] nnr1qrbb/p2kpppp/1p1p4/2p5/6P1/PP1P4/2P1PP1P/NNRKQRBB w FC - 0 9, 27, 604, 17043, 409665, 11993332, 308518181" classname="com.welyab.ankobachen.BoardTest" time="0.185"/>
  <testcase name="[80] bbnnrkrq/ppp1pp2/6p1/3p4/7p/7P/PPPPPPP1/BBNNRRKQ w ge - 0 9, 20, 559, 12242, 355326, 8427161, 252274233" classname="com.welyab.ankobachen.BoardTest" time="0.123"/>
  <testcase name="[81] bnnbrkr1/ppp2p1p/5q2/3pp1p1/4P3/1N4P1/PPPPRP1P/BN1B1KRQ w Gge - 0 9, 26, 1036, 27228, 1028084, 28286576, 1042120495" classname="com.welyab.ankobachen.BoardTest" time="0.427"/>
  <testcase name="[82] bn1rkbrq/1pppppp1/p6p/1n6/3P4/6PP/PPPRPP2/BNN1KBRQ w Ggd - 2 9, 29, 633, 19278, 455476, 14333034, 361900466" classname="com.welyab.ankobachen.BoardTest" time="0.208"/>
  <testcase name="[83] b1nrkrqb/1p1npppp/p2p4/2p5/5P2/4P2P/PPPP1RP1/BNNRK1QB w Dfd - 1 9, 25, 475, 12603, 270909, 7545536, 179579818" classname="com.welyab.ankobachen.BoardTest" time="0.132"/>
  <testcase name="[84] 1bbnrkrq/ppppppp1/8/7p/1n4P1/1PN5/P1PPPP1P/NBBR1KRQ w Gge - 0 9, 30, 803, 25473, 709716, 23443854, 686365049" classname="com.welyab.ankobachen.BoardTest" time="0.303"/>
  <testcase name="[85] nnbbrkrq/2pp1pp1/1p5p/pP2p3/7P/N7/P1PPPPP1/N1BBRKRQ w GEge - 0 9, 18, 432, 9638, 242350, 6131124, 160393505" classname="com.welyab.ankobachen.BoardTest" time="0.094"/>
  <testcase name="[86] nnbrkbrq/1pppp1p1/p7/7p/1P2Pp2/BN6/P1PP1PPP/1N1RKBRQ w GDgd - 0 9, 27, 482, 13441, 282259, 8084701, 193484216" classname="com.welyab.ankobachen.BoardTest" time="0.128"/>
  <testcase name="[87] n1brkrqb/pppp3p/n3pp2/6p1/3P1P2/N1P5/PP2P1PP/N1BRKRQB w FDfd - 0 9, 28, 642, 19005, 471729, 14529434, 384837696" classname="com.welyab.ankobachen.BoardTest" time="0.239"/>
  <testcase name="[88] nbnrbk2/p1pppp1p/1p3qr1/6p1/1B1P4/1N6/PPP1PPPP/1BNR1RKQ w d - 2 9, 30, 796, 22780, 687302, 20120565, 641832725" classname="com.welyab.ankobachen.BoardTest" time="0.323"/>
  <testcase name="[89] nnrbbrkq/1pp2ppp/3p4/p3p3/3P1P2/1P2P3/P1P3PP/NNRBBKRQ w GC - 1 9, 31, 827, 24538, 663082, 19979594, 549437308" classname="com.welyab.ankobachen.BoardTest" time="0.315"/>
  <testcase name="[90] nnrkbbrq/1pp2p1p/p2pp1p1/2P5/8/8/PP1PPPPP/NNRKBBRQ w Ggc - 0 9, 24, 762, 19283, 624598, 16838099, 555230555" classname="com.welyab.ankobachen.BoardTest" time="0.283"/>
  <testcase name="[91] nnr1brqb/1ppkp1pp/8/p2p1p2/1P1P4/N1P5/P3PPPP/N1RKBRQB w FC - 1 9, 23, 640, 15471, 444905, 11343507, 334123513" classname="com.welyab.ankobachen.BoardTest" time="0.219"/>
  <testcase name="[92] nbnrkrbq/2ppp2p/p4p2/1P4p1/4PP2/8/1PPP2PP/NBNRKRBQ w FDfd - 0 9, 31, 826, 26137, 732175, 23555139, 686250413" classname="com.welyab.ankobachen.BoardTest" time="0.361"/>
  <testcase name="[93] 1nrbkr1q/1pppp1pp/1n6/p4p2/N1b4P/8/PPPPPPPB/N1RBKR1Q w FCfc - 2 9, 27, 862, 24141, 755171, 22027695, 696353497" classname="com.welyab.ankobachen.BoardTest" time="0.323"/>
  <testcase name="[94] nnrkrbbq/pppp2pp/8/4pp2/4P3/P7/1PPPBPPP/NNKRR1BQ w c - 0 9, 25, 792, 19883, 636041, 16473376, 532214177" classname="com.welyab.ankobachen.BoardTest" time="0.245"/>
  <testcase name="[95] n1rk1qbb/pppprpp1/2n4p/4p3/2PP3P/8/PP2PPP1/NNRKRQBB w ECc - 1 9, 25, 622, 16031, 425247, 11420973, 321855685" classname="com.welyab.ankobachen.BoardTest" time="0.196"/>
  <testcase name="[96] bbq1rnkr/pnp1pp1p/1p1p4/6p1/2P5/2Q1P2P/PP1P1PP1/BB1NRNKR w HEhe - 2 9, 36, 870, 30516, 811047, 28127620, 799738334" classname="com.welyab.ankobachen.BoardTest" time="0.357"/>
  <testcase name="[97] bq1brnkr/1p1ppp1p/1np5/p5p1/8/1N5P/PPPPPPP1/BQ1BRNKR w HEhe - 0 9, 22, 588, 13524, 380068, 9359618, 273795898" classname="com.welyab.ankobachen.BoardTest" time="0.199"/>
  <testcase name="[98] bq1rn1kr/1pppppbp/Nn4p1/8/8/P7/1PPPPPPP/BQ1RNBKR w HDhd - 1 9, 24, 711, 18197, 542570, 14692779, 445827351" classname="com.welyab.ankobachen.BoardTest" time="0.3"/>
  <testcase name="[99] bqnr1kr1/pppppp1p/6p1/5n2/4B3/3N2PP/PbPPPP2/BQNR1KR1 w GDgd - 2 9, 31, 1132, 36559, 1261476, 43256823, 1456721391" classname="com.welyab.ankobachen.BoardTest" time="0.576"/>
  <testcase name="[100] qbb1rnkr/ppp3pp/4n3/3ppp2/1P3PP1/8/P1PPPN1P/QBB1RNKR w HEhe - 0 9, 28, 696, 20502, 541886, 16492398, 456983120" classname="com.welyab.ankobachen.BoardTest" time="0.237"/>
  <testcase name="[101] qnbbr1kr/pp1ppp1p/4n3/6p1/2p3P1/2PP1P2/PP2P2P/QNBBRNKR w HEhe - 0 9, 25, 655, 16520, 450189, 11767038, 335414976" classname="com.welyab.ankobachen.BoardTest" time="0.209"/>
  <testcase name="[102] 1nbrnbkr/p1ppp1pp/1p6/5p2/4q1PP/3P4/PPP1PP2/QNBRNBKR w HDhd - 1 9, 30, 1162, 33199, 1217278, 36048727, 1290346802" classname="com.welyab.ankobachen.BoardTest" time="0.555"/>
  <testcase name="[103] q1brnkrb/p1pppppp/n7/1p6/P7/3P1P2/QPP1P1PP/1NBRNKRB w GDgd - 0 9, 32, 827, 26106, 718243, 23143989, 673147648" classname="com.welyab.ankobachen.BoardTest" time="0.347"/>
  <testcase name="[104] qbnrb1kr/ppp1pp1p/3p4/2n3p1/1P6/6N1/P1PPPPPP/QBNRB1KR w HDhd - 2 9, 29, 751, 23132, 610397, 19555214, 530475036" classname="com.welyab.ankobachen.BoardTest" time="0.263"/>
  <testcase name="[105] q1rbbnkr/pppp1p2/2n3pp/2P1p3/3P4/8/PP1NPPPP/Q1RBBNKR w HChc - 2 9, 29, 806, 24540, 687251, 21694330, 619907316" classname="com.welyab.ankobachen.BoardTest" time="0.35"/>
  <testcase name="[106] q1r1bbkr/pnpp1ppp/2n1p3/1p6/2P2P2/2N1N3/PP1PP1PP/Q1R1BBKR w HChc - 2 9, 32, 1017, 32098, 986028, 31204371, 958455898" classname="com.welyab.ankobachen.BoardTest" time="0.431"/>
  <testcase name="[107] 2rnbkrb/pqppppp1/1pn5/7p/2P5/P1R5/QP1PPPPP/1N1NBKRB w Ggc - 4 9, 26, 625, 16506, 434635, 11856964, 336672890" classname="com.welyab.ankobachen.BoardTest" time="0.132"/>
  <testcase name="[108] qbnr1kbr/p2ppppp/2p5/1p6/4n2P/P4N2/1PPP1PP1/QBNR1KBR w HDhd - 0 9, 27, 885, 23828, 767273, 21855658, 706272554" classname="com.welyab.ankobachen.BoardTest" time="0.35"/>
  <testcase name="[109] qnrbnk1r/pp1pp2p/5p2/2pbP1p1/3P4/1P6/P1P2PPP/QNRBNKBR w HChc - 0 9, 26, 954, 24832, 892456, 24415089, 866744329" classname="com.welyab.ankobachen.BoardTest" time="0.408"/>
  <testcase name="[110] qnrnk1br/p1p2ppp/8/1pbpp3/8/PP2N3/1QPPPPPP/1NR1KBBR w HChc - 0 9, 26, 783, 20828, 634267, 17477825, 539674275" classname="com.welyab.ankobachen.BoardTest" time="0.291"/>
  <testcase name="[111] qnrnkrbb/Bpppp2p/6p1/5p2/5P2/3PP3/PPP3PP/QNRNKR1B w FCfc - 1 9, 28, 908, 25730, 861240, 25251641, 869525254" classname="com.welyab.ankobachen.BoardTest" time="0.422"/>
  <testcase name="[112] bbnqrn1r/ppppp2k/5p2/6pp/7P/1QP5/PP1PPPP1/B1N1RNKR w HE - 0 9, 33, 643, 21790, 487109, 16693640, 410115900" classname="com.welyab.ankobachen.BoardTest" time="0.24"/>
  <testcase name="[113] b1qbrnkr/ppp1pp2/2np4/6pp/4P3/2N4P/PPPP1PP1/BQ1BRNKR w HEhe - 0 9, 28, 837, 24253, 745617, 22197063, 696399065" classname="com.welyab.ankobachen.BoardTest" time="0.312"/>
  <testcase name="[114] bnqr1bkr/pp1ppppp/2p5/4N3/5P2/P7/1PPPPnPP/BNQR1BKR w HDhd - 3 9, 25, 579, 13909, 341444, 8601011, 225530258" classname="com.welyab.ankobachen.BoardTest" time="0.172"/>
  <testcase name="[115] b1qr1krb/pp1ppppp/n2n4/8/2p5/2P3P1/PP1PPP1P/BNQRNKRB w GDgd - 0 9, 28, 707, 19721, 549506, 15583376, 468399900" classname="com.welyab.ankobachen.BoardTest" time="0.231"/>
  <testcase name="[116] nbbqr1kr/1pppp1pp/8/p1n2p2/4P3/PN6/1PPPQPPP/1BB1RNKR w HEhe - 0 9, 30, 745, 23416, 597858, 19478789, 515473678" classname="com.welyab.ankobachen.BoardTest" time="0.499"/>
  <testcase name="[117] nqbbrn1r/p1pppp1k/1p4p1/7p/4P3/1R3B2/PPPP1PPP/NQB2NKR w H - 0 9, 24, 504, 13512, 317355, 9002073, 228726497" classname="com.welyab.ankobachen.BoardTest" time="0.178"/>
  <testcase name="[118] nqbr1bkr/p1p1ppp1/1p1n4/3pN2p/1P6/8/P1PPPPPP/NQBR1BKR w HDhd - 0 9, 29, 898, 26532, 809605, 24703467, 757166494" classname="com.welyab.ankobachen.BoardTest" time="0.491"/>
  <testcase name="[119] nqbrn1rb/pppp1kp1/5p1p/4p3/P4B2/3P2P1/1PP1PP1P/NQ1RNKRB w GD - 0 9, 34, 671, 22332, 473110, 15556806, 353235120" classname="com.welyab.ankobachen.BoardTest" time="0.206"/>
  <testcase name="[120] nb1r1nkr/ppp1ppp1/2bp4/7p/3P2qP/P6R/1PP1PPP1/NBQRBNK1 w Dhd - 1 9, 38, 1691, 60060, 2526992, 88557078, 3589649998" classname="com.welyab.ankobachen.BoardTest" time="1.109"/>
  <testcase name="[121] n1rbbnkr/1p1pp1pp/p7/2p1qp2/1B3P2/3P4/PPP1P1PP/NQRB1NKR w HChc - 0 9, 24, 913, 21595, 807544, 19866918, 737239330" classname="com.welyab.ankobachen.BoardTest" time="0.356"/>
  <testcase name="[122] nqrnbbkr/p2p1p1p/1pp5/1B2p1p1/1P3P2/4P3/P1PP2PP/NQRNB1KR w HChc - 0 9, 33, 913, 30159, 843874, 28053260, 804687975" classname="com.welyab.ankobachen.BoardTest" time="0.382"/>
  <testcase name="[123] nqr1bkrb/ppp1pp2/2np2p1/P6p/8/2P4P/1P1PPPP1/NQRNBKRB w GCgc - 0 9, 24, 623, 16569, 442531, 12681936, 351623879" classname="com.welyab.ankobachen.BoardTest" time="0.162"/>
  <testcase name="[124] nb1rnkbr/pqppppp1/1p5p/8/1PP4P/8/P2PPPP1/NBQRNKBR w HDhd - 1 9, 31, 798, 24862, 694386, 22616076, 666227466" classname="com.welyab.ankobachen.BoardTest" time="0.506"/>
  <testcase name="[125] nqrbnkbr/2p1p1pp/3p4/pp3p2/6PP/3P1N2/PPP1PP2/NQRB1KBR w HChc - 0 9, 24, 590, 14409, 383690, 9698432, 274064911" classname="com.welyab.ankobachen.BoardTest" time="0.19"/>
  <testcase name="[126] nqrnkbbr/pp1p1p1p/4p1p1/1p6/8/5P1P/P1PPP1P1/NQRNKBBR w HChc - 0 9, 30, 1032, 31481, 1098116, 34914919, 1233362066" classname="com.welyab.ankobachen.BoardTest" time="0.523"/>
  <testcase name="[127] nqrnkrbb/p2ppppp/1p6/2p5/2P3P1/5P2/PP1PPN1P/NQR1KRBB w FCfc - 1 9, 30, 775, 23958, 668000, 21141738, 621142773" classname="com.welyab.ankobachen.BoardTest" time="0.326"/>
  <testcase name="[128] bbnrqrk1/pp2pppp/4n3/2pp4/P7/1N5P/BPPPPPP1/B2RQNKR w HD - 2 9, 23, 708, 17164, 554089, 14343443, 481405144" classname="com.welyab.ankobachen.BoardTest" time="0.286"/>
  <testcase name="[129] bnr1qnkr/p1pp1p1p/1p4p1/4p1b1/2P1P3/1P6/PB1P1PPP/1NRBQNKR w HChc - 1 9, 30, 931, 29249, 921746, 30026687, 968109774" classname="com.welyab.ankobachen.BoardTest" time="0.516"/>
  <testcase name="[130] b1rqnbkr/ppp1ppp1/3p3p/2n5/P3P3/2NP4/1PP2PPP/B1RQNBKR w HChc - 0 9, 24, 596, 15533, 396123, 11099382, 294180723" classname="com.welyab.ankobachen.BoardTest" time="0.268"/>
  <testcase name="[131] bnrqnr1b/pp1pkppp/2p1p3/P7/2P5/7P/1P1PPPP1/BNRQNKRB w GC - 0 9, 24, 572, 15293, 390903, 11208688, 302955778" classname="com.welyab.ankobachen.BoardTest" time="0.146"/>
  <testcase name="[132] n1brq1kr/bppppppp/p7/8/4P1Pn/8/PPPP1P2/NBBRQNKR w HDhd - 0 9, 20, 570, 13139, 371247, 9919113, 284592289" classname="com.welyab.ankobachen.BoardTest" time="0.178"/>
  <testcase name="[133] 1rbbqnkr/ppn1ppp1/3p3p/2p5/3P4/1N4P1/PPPBPP1P/1R1BQNKR w HBhb - 0 9, 29, 1009, 29547, 1040816, 31059587, 1111986835" classname="com.welyab.ankobachen.BoardTest" time="0.423"/>
  <testcase name="[134] nrbq2kr/ppppppb1/5n1p/5Pp1/8/P5P1/1PPPP2P/NRBQNBKR w HBhb - 1 9, 20, 520, 11745, 316332, 7809837, 216997152" classname="com.welyab.ankobachen.BoardTest" time="0.149"/>
  <testcase name="[135] nrb1nkrb/pp3ppp/1qBpp3/2p5/8/P5P1/1PPPPP1P/NRBQNKR1 w GBgb - 2 9, 32, 850, 25642, 734088, 21981567, 664886187" classname="com.welyab.ankobachen.BoardTest" time="0.313"/>
  <testcase name="[136] 1br1bnkr/ppqppp1p/1np3p1/8/1PP4P/4N3/P2PPPP1/NBRQB1KR w HChc - 1 9, 32, 798, 24765, 691488, 22076141, 670296871" classname="com.welyab.ankobachen.BoardTest" time="0.309"/>
  <testcase name="[137] nrqbb1kr/1p1pp1pp/2p3n1/p4p2/3PP3/P5N1/1PP2PPP/NRQBB1KR w HBhb - 0 9, 32, 791, 26213, 684890, 23239122, 634260266" classname="com.welyab.ankobachen.BoardTest" time="0.301"/>
  <testcase name="[138] nrqn1bkr/ppppp1pp/4b3/8/4P1p1/5P2/PPPP3P/NRQNBBKR w HBhb - 0 9, 29, 687, 20223, 506088, 15236287, 398759980" classname="com.welyab.ankobachen.BoardTest" time="0.243"/>
  <testcase name="[139] nrqnbrkb/pppp1p2/4p2p/3B2p1/8/1P4P1/PQPPPP1P/NR1NBKR1 w GB - 0 9, 37, 764, 27073, 610950, 21284835, 514864869" classname="com.welyab.ankobachen.BoardTest" time="0.27"/>
  <testcase name="[140] nbrq1kbr/Bp3ppp/2pnp3/3p4/5P2/2P4P/PP1PP1P1/NBRQNK1R w HChc - 0 9, 40, 1271, 48022, 1547741, 56588117, 1850696281" classname="com.welyab.ankobachen.BoardTest" time="0.718"/>
  <testcase name="[141] nrqbnkbr/1p2ppp1/p1p4p/3p4/1P6/8/PQPPPPPP/1RNBNKBR w HBhb - 0 9, 28, 757, 23135, 668025, 21427496, 650939962" classname="com.welyab.ankobachen.BoardTest" time="0.583"/>
  <testcase name="[142] nrqn1bbr/2ppkppp/4p3/pB6/8/2P1P3/PP1P1PPP/NRQNK1BR w HB - 1 9, 27, 642, 17096, 442653, 11872805, 327545120" classname="com.welyab.ankobachen.BoardTest" time="0.222"/>
  <testcase name="[143] nrqnkrb1/p1ppp2p/1p4p1/4bp2/4PP1P/4N3/PPPP2P1/NRQ1KRBB w FBfb - 1 9, 27, 958, 27397, 960350, 28520172, 995356563" classname="com.welyab.ankobachen.BoardTest" time="0.533"/>
  <testcase name="[144] 1bnrnqkr/pbpp2pp/8/1p2pp2/P6P/3P1N2/1PP1PPP1/BBNR1QKR w HDhd - 0 9, 27, 859, 23475, 773232, 21581178, 732696327" classname="com.welyab.ankobachen.BoardTest" time="0.333"/>
  <testcase name="[145] b1rbnqkr/1pp1ppp1/2n4p/p2p4/5P2/1PBP4/P1P1P1PP/1NRBNQKR w HChc - 0 9, 26, 545, 14817, 336470, 9537260, 233549184" classname="com.welyab.ankobachen.BoardTest" time="0.152"/>
  <testcase name="[146] 1nrnqbkr/p1pppppp/1p6/8/2b2P2/P1N5/1PP1P1PP/BNR1QBKR w HChc - 2 9, 24, 668, 17716, 494866, 14216070, 406225409" classname="com.welyab.ankobachen.BoardTest" time="0.217"/>
  <testcase name="[147] 1nrnqkrb/2ppp1pp/p7/1p3p2/5P2/N5K1/PPPPP2P/B1RNQ1RB w gc - 0 9, 33, 725, 23572, 559823, 18547476, 471443091" classname="com.welyab.ankobachen.BoardTest" time="0.316"/>
  <testcase name="[148] nbbr1qkr/p1pppppp/8/1p1n4/3P4/1N3PP1/PPP1P2P/1BBRNQKR w HDhd - 1 9, 28, 698, 20527, 539625, 16555068, 458045505" classname="com.welyab.ankobachen.BoardTest" time="0.291"/>
  <testcase name="[149] 1rbbnqkr/1pnppp1p/p5p1/2p5/2P4P/5P2/PP1PP1PR/NRBBNQK1 w Bhb - 1 9, 24, 554, 14221, 362516, 9863080, 269284081" classname="com.welyab.ankobachen.BoardTest" time="0.154"/>
  <testcase name="[150] nrb1qbkr/2pppppp/2n5/p7/2p5/4P3/PPNP1PPP/1RBNQBKR w HBhb - 0 9, 23, 618, 15572, 443718, 12044358, 360311412" classname="com.welyab.ankobachen.BoardTest" time="0.252"/>
  <testcase name="[151] nrb1qkrb/2ppppp1/p3n3/1p1B3p/2P5/6P1/PP1PPPRP/NRBNQK2 w Bgb - 2 9, 27, 593, 16770, 401967, 11806808, 303338935" classname="com.welyab.ankobachen.BoardTest" time="0.173"/>
  <testcase name="[152] nbrn1qkr/ppp1pp2/3p2p1/3Q3P/b7/8/PPPPPP1P/NBRNB1KR w HChc - 2 9, 39, 1056, 40157, 1133446, 42201531, 1239888683" classname="com.welyab.ankobachen.BoardTest" time="0.543"/>
  <testcase name="[153] nr1bbqkr/pp1pp2p/1n3pp1/2p5/8/1P4P1/P1PPPPQP/NRNBBK1R w hb - 0 9, 25, 585, 15719, 406544, 11582539, 320997679" classname="com.welyab.ankobachen.BoardTest" time="0.156"/>
  <testcase name="[154] nr2bbkr/ppp1pppp/1n1p4/8/6PP/1NP4q/PP1PPP2/1RNQBBKR w HBhb - 1 9, 22, 742, 15984, 545231, 13287051, 457010195" classname="com.welyab.ankobachen.BoardTest" time="0.352"/>
  <testcase name="[155] 1rnqbkrb/ppp1p1p1/1n3p2/3p3p/P6P/4P3/1PPP1PP1/NRNQBRKB w gb - 0 9, 22, 574, 14044, 379648, 9968830, 281344367" classname="com.welyab.ankobachen.BoardTest" time="0.128"/>
  <testcase name="[156] nb1rqkbr/1pppp1pp/4n3/p4p2/6PP/5P2/PPPPPN2/NBR1QKBR w HCh - 0 9, 25, 621, 16789, 462600, 13378840, 396575613" classname="com.welyab.ankobachen.BoardTest" time="0.2"/>
  <testcase name="[157] nrnbqkbr/2pp2pp/4pp2/pp6/8/1P3P2/P1PPPBPP/NRNBQ1KR w hb - 0 9, 25, 656, 16951, 466493, 12525939, 358763789" classname="com.welyab.ankobachen.BoardTest" time="0.165"/>
  <testcase name="[158] nrnqkbbr/ppppp1p1/7p/5p2/8/P4PP1/NPPPP2P/NR1QKBBR w HBhb - 0 9, 28, 723, 20621, 547522, 15952533, 439046803" classname="com.welyab.ankobachen.BoardTest" time="0.235"/>
  <testcase name="[159] 1rnqkr1b/ppppp2p/1n3pp1/8/2P3P1/Pb1N4/1P1PPP1P/NR1QKRBB w FBfb - 0 9, 26, 713, 19671, 548875, 15865528, 454532806" classname="com.welyab.ankobachen.BoardTest" time="0.329"/>
  <testcase name="[160] bbnrnkqr/1pppp1pp/5p2/p7/7P/1P6/PBPPPPPR/1BNRNKQ1 w D - 2 9, 26, 649, 17834, 502279, 14375839, 435585252" classname="com.welyab.ankobachen.BoardTest" time="0.219"/>
  <testcase name="[161] bnrbk1qr/1ppp1ppp/p2np3/8/P7/2N2P2/1PPPP1PP/B1RBNKQR w HC - 0 9, 26, 621, 17569, 451452, 13514201, 364421088" classname="com.welyab.ankobachen.BoardTest" time="0.212"/>
  <testcase name="[162] br1nkbqr/ppppppp1/8/n6p/8/N1P2PP1/PP1PP2P/B1RNKBQR w HCh - 1 9, 29, 664, 20182, 512316, 16125924, 442508159" classname="com.welyab.ankobachen.BoardTest" time="0.227"/>
  <testcase name="[163] bnr1kqrb/pp1pppp1/2n5/2p5/1P4Pp/4N3/P1PPPP1P/BNKR1QRB w gc - 0 9, 36, 888, 31630, 789863, 27792175, 719015345" classname="com.welyab.ankobachen.BoardTest" time="0.297"/>
  <testcase name="[164] 1bbrnkqr/pp1p1ppp/2p1p3/1n6/5P2/3Q4/PPPPP1PP/NBBRNK1R w HDhd - 2 9, 36, 891, 31075, 781792, 26998966, 702903862" classname="com.welyab.ankobachen.BoardTest" time="0.379"/>
  <testcase name="[165] nrbbnk1r/pp2pppq/8/2pp3p/3P2P1/1N6/PPP1PP1P/1RBBNKQR w HBhb - 0 9, 29, 1036, 31344, 1139166, 35627310, 1310683359" classname="com.welyab.ankobachen.BoardTest" time="0.479"/>
  <testcase name="[166] nr1nkbqr/ppp3pp/5p2/3pp3/6b1/3PP3/PPP2PPP/NRBNKBQR w hb - 0 9, 18, 664, 13306, 483892, 10658989, 386307449" classname="com.welyab.ankobachen.BoardTest" time="0.19"/>
  <testcase name="[167] nrbnk1rb/ppp1pq1p/3p4/5pp1/2P1P3/1N6/PP1PKPPP/1RBN1QRB w gb - 2 9, 25, 966, 24026, 920345, 23957242, 913710194" classname="com.welyab.ankobachen.BoardTest" time="0.424"/>
  <testcase name="[168] 1brnbkqr/pppppp2/6p1/7p/1Pn5/P1NP4/2P1PPPP/NBR1BKQR w HChc - 0 9, 22, 627, 13760, 395829, 9627826, 285900573" classname="com.welyab.ankobachen.BoardTest" time="0.198"/>
  <testcase name="[169] nrnbbk1r/p1pppppq/8/7p/1p6/P5PP/1PPPPPQ1/NRNBBK1R w HBhb - 2 9, 29, 888, 26742, 874270, 27229468, 930799376" classname="com.welyab.ankobachen.BoardTest" time="0.398"/>
  <testcase name="[170] n1nkb1qr/prppppbp/6p1/1p6/2P2P2/P7/1P1PP1PP/NRNKBBQR w HBh - 1 9, 29, 804, 24701, 688520, 21952444, 623156747" classname="com.welyab.ankobachen.BoardTest" time="0.335"/>
  <testcase name="[171] nr2bqrb/ppkpp1pp/1np5/5p1P/5P2/2P5/PP1PP1P1/NRNKBQRB w GB - 0 9, 22, 530, 13055, 347657, 9244693, 264088392" classname="com.welyab.ankobachen.BoardTest" time="0.15"/>
  <testcase name="[172] nbr1kqbr/p3pppp/2ppn3/1p4P1/4P3/1P6/P1PP1P1P/NBRNKQBR w HChc - 1 9, 23, 555, 14291, 350917, 9692630, 247479180" classname="com.welyab.ankobachen.BoardTest" time="0.174"/>
  <testcase name="[173] nr1bkqbr/1p1pp1pp/pnp2p2/8/6P1/P1PP4/1P2PP1P/NRNBKQBR w HBhb - 0 9, 22, 565, 13343, 365663, 9305533, 268612479" classname="com.welyab.ankobachen.BoardTest" time="0.178"/>
  <testcase name="[174] nr1kqbbr/np2pppp/p1p5/1B1p1P2/8/4P3/PPPP2PP/NRNKQ1BR w HBhb - 0 9, 32, 730, 23391, 556995, 18103280, 454569900" classname="com.welyab.ankobachen.BoardTest" time="0.27"/>
  <testcase name="[175] nrnk1rbb/p1p2ppp/3pq3/Qp2p3/1P1P4/8/P1P1PPPP/NRN1KRBB w fb - 2 9, 28, 873, 25683, 791823, 23868737, 747991356" classname="com.welyab.ankobachen.BoardTest" time="0.299"/>
  <testcase name="[176] bbnrnkrq/pp1ppp1p/6p1/2p5/6P1/P5RP/1PPPPP2/BBNRNK1Q w Dgd - 3 9, 37, 1260, 45060, 1542086, 54843403, 1898432768" classname="com.welyab.ankobachen.BoardTest" time="0.634"/>
  <testcase name="[177] bnrb1rkq/ppnpppp1/3Q4/2p4p/7P/N7/PPPPPPP1/B1RBNKR1 w GC - 2 9, 38, 878, 31944, 800440, 28784300, 784569826" classname="com.welyab.ankobachen.BoardTest" time="0.282"/>
  <testcase name="[178] bnrnkbrq/p1ppppp1/1p5p/8/P2PP3/5P2/1PP3PP/BNRNKBRQ w GCgc - 1 9, 26, 617, 16992, 419099, 11965544, 311309576" classname="com.welyab.ankobachen.BoardTest" time="0.237"/>
  <testcase name="[179] bnrnkrqb/pp2p2p/2pp1pp1/8/P7/2PP1P2/1P2P1PP/BNRNKRQB w FCfc - 0 9, 26, 721, 19726, 560824, 15966934, 467132503" classname="com.welyab.ankobachen.BoardTest" time="0.259"/>
  <testcase name="[180] nbbrnkr1/1pppp1p1/p6q/P4p1p/8/5P2/1PPPP1PP/NBBRNRKQ w gd - 2 9, 18, 556, 10484, 316634, 6629293, 202528241" classname="com.welyab.ankobachen.BoardTest" time="0.127"/>
  <testcase name="[181] nrb1nkrq/2pp1ppp/p4b2/1p2p3/P4B2/3P4/1PP1PPPP/NR1BNRKQ w gb - 0 9, 24, 562, 14017, 355433, 9227883, 247634489" classname="com.welyab.ankobachen.BoardTest" time="0.151"/>
  <testcase name="[182] nrbnkbrq/p3p1pp/1p6/2pp1P2/8/3PP3/PPP2P1P/NRBNKBRQ w GBgb - 0 9, 31, 746, 24819, 608523, 21019301, 542954168" classname="com.welyab.ankobachen.BoardTest" time="0.294"/>
  <testcase name="[183] nrbnkrqb/pppp1p1p/4p1p1/8/7P/2P1P3/PPNP1PP1/1RBNKRQB w FBfb - 0 9, 20, 459, 9998, 242762, 5760165, 146614723" classname="com.welyab.ankobachen.BoardTest" time="0.107"/>
  <testcase name="[184] nbrn1krq/ppp1p2p/6b1/3p1pp1/8/4N1PP/PPPPPP2/NBR1BRKQ w gc - 1 9, 27, 835, 23632, 766397, 22667987, 760795567" classname="com.welyab.ankobachen.BoardTest" time="0.283"/>
  <testcase name="[185] nrnbbkrq/p1pp2pp/5p2/1p6/2P1pP1B/1P6/P2PP1PP/NRNB1KRQ w GBgb - 0 9, 24, 646, 16102, 444472, 11489727, 324948755" classname="com.welyab.ankobachen.BoardTest" time="0.211"/>
  <testcase name="[186] nrn1bbrq/1ppkppp1/p2p3p/8/1P3N2/4P3/P1PP1PPP/NR1KBBRQ w GB - 2 9, 32, 591, 18722, 381683, 12069159, 269922838" classname="com.welyab.ankobachen.BoardTest" time="0.173"/>
  <testcase name="[187] n1krbrqb/1ppppppp/p7/8/4n3/P4P1P/1PPPPQP1/NRNKBR1B w FB - 2 9, 26, 639, 16988, 417190, 12167153, 312633873" classname="com.welyab.ankobachen.BoardTest" time="0.36"/>
  <testcase name="[188] n1rnkrbq/1p1ppp1p/8/p1p1b1p1/3PQ1P1/4N3/PPP1PP1P/NBR1KRB1 w FCfc - 0 9, 35, 1027, 35731, 1040417, 35738410, 1060661628" classname="com.welyab.ankobachen.BoardTest" time="0.506"/>
  <testcase name="[189] nrnbkrbq/2pp1pp1/pp6/4p2p/P7/5PPP/1PPPP3/NRNBKRBQ w FBfb - 0 9, 26, 628, 16731, 436075, 11920087, 331498921" classname="com.welyab.ankobachen.BoardTest" time="0.192"/>
  <testcase name="[190] 1rnkrbbq/pp1p2pp/1n3p2/1Bp1p3/1P6/1N2P3/P1PP1PPP/1RNKR1BQ w EBeb - 0 9, 33, 992, 32244, 983481, 31703749, 980306735" classname="com.welyab.ankobachen.BoardTest" time="0.471"/>
  <testcase name="[191] nr1krqbb/p1ppppp1/8/1p5p/1Pn5/5P2/P1PPP1PP/NRNKRQBB w EBeb - 0 9, 24, 670, 15985, 445492, 11371067, 325556465" classname="com.welyab.ankobachen.BoardTest" time="0.275"/>
  <testcase name="[192] bbq1rkr1/1ppppppp/p1n2n2/8/2P2P2/1P6/PQ1PP1PP/BB1NRKNR w HEe - 3 9, 32, 794, 26846, 689334, 24085223, 645633370" classname="com.welyab.ankobachen.BoardTest" time="0.377"/>
  <testcase name="[193] b1nbrknr/1qppp1pp/p4p2/1p6/6P1/P2NP3/1PPP1P1P/BQ1BRKNR w HEhe - 1 9, 25, 663, 17138, 482994, 13157826, 389603029" classname="com.welyab.ankobachen.BoardTest" time="0.244"/>
  <testcase name="[194] bqnrk1nr/pp2ppbp/6p1/2pp4/2P5/5P2/PPQPP1PP/B1NRKBNR w HDhd - 0 9, 26, 850, 22876, 759768, 21341087, 719712622" classname="com.welyab.ankobachen.BoardTest" time="0.398"/>
  <testcase name="[195] bqnrknrb/1ppp1p1p/p7/6p1/1P2p3/P1PN4/3PPPPP/BQ1RKNRB w GDgd - 0 9, 25, 721, 19290, 581913, 16391601, 511725087" classname="com.welyab.ankobachen.BoardTest" time="0.245"/>
  <testcase name="[196] q1b1rknr/pp1pppp1/4n2p/2p1b3/1PP5/4P3/PQ1P1PPP/1BBNRKNR w HEhe - 1 9, 32, 975, 32566, 955493, 32649943, 962536105" classname="com.welyab.ankobachen.BoardTest" time="0.496"/>
  <testcase name="[197] qnbbrknr/1p1ppppp/8/p1p5/5P2/PP1P4/2P1P1PP/QNBBRKNR w HEhe - 0 9, 27, 573, 16331, 391656, 11562434, 301166330" classname="com.welyab.ankobachen.BoardTest" time="0.192"/>
  <testcase name="[198] q1brkb1r/p1pppppp/np3B2/8/6n1/1P5N/P1PPPPPP/QN1RKB1R w HDhd - 0 9, 32, 984, 31549, 1007217, 32597704, 1075429389" classname="com.welyab.ankobachen.BoardTest" time="0.435"/>
  <testcase name="[199] qn1rk1rb/p1pppppp/1p2n3/8/2b5/4NPP1/PPPPP1RP/QNBRK2B w Dgd - 4 9, 22, 802, 19156, 697722, 17761431, 650603534" classname="com.welyab.ankobachen.BoardTest" time="0.3"/>
  <testcase name="[200] qbnrbknr/ppp2p1p/8/3pp1p1/1PP1B3/5N2/P2PPPPP/Q1NRBK1R w HDhd - 0 9, 34, 943, 32506, 930619, 32523099, 955802240" classname="com.welyab.ankobachen.BoardTest" time="0.418"/>
  <testcase name="[201] qnrbb1nr/pp1p1ppp/2p2k2/4p3/4P3/5PPP/PPPP4/QNRBBKNR w HC - 0 9, 20, 460, 10287, 241640, 5846781, 140714047" classname="com.welyab.ankobachen.BoardTest" time="0.13"/>
  <testcase name="[202] qnr1bbnr/ppk1p1pp/3p4/2p2p2/8/2P5/PP1PPPPP/QNKRBBNR w - - 1 9, 19, 572, 11834, 357340, 7994547, 243724815" classname="com.welyab.ankobachen.BoardTest" time="0.126"/>
  <testcase name="[203] qnrkbnrb/1p1p1ppp/2p5/4p3/p7/N1BP4/PPP1PPPP/Q1R1KNRB w gc - 0 9, 27, 579, 16233, 375168, 10845146, 268229097" classname="com.welyab.ankobachen.BoardTest" time="0.133"/>
  <testcase name="[204] qbnrkn1r/1pppp1p1/p3bp2/2BN3p/8/5P2/PPPPP1PP/QBNRK2R w HDhd - 0 9, 40, 1027, 38728, 1059229, 38511307, 1104094381" classname="com.welyab.ankobachen.BoardTest" time="0.524"/>
  <testcase name="[205] qnrbknbr/1pp2ppp/4p3/p6N/2p5/8/PPPPPPPP/Q1RBK1BR w HChc - 0 9, 22, 510, 11844, 300180, 7403327, 200581103" classname="com.welyab.ankobachen.BoardTest" time="0.135"/>
  <testcase name="[206] 1qkrnbbr/p1pppppp/2n5/1p6/8/5NP1/PPPPPP1P/QNRK1BBR w HC - 4 9, 24, 549, 13987, 352037, 9396521, 255676649" classname="com.welyab.ankobachen.BoardTest" time="0.148"/>
  <testcase name="[207] q1rknr1b/1ppppppb/2n5/p2B3p/8/1PN3P1/P1PPPP1P/Q1RKNRB1 w FCfc - 3 9, 31, 924, 28520, 861944, 27463479, 847726572" classname="com.welyab.ankobachen.BoardTest" time="0.328"/>
  <testcase name="[208] bbnqrk1r/pp1pppp1/2p4p/8/6n1/1N1P1P2/PPP1P1PP/BBQ1RKNR w HEhe - 4 9, 24, 804, 20147, 666341, 18024195, 595947631" classname="com.welyab.ankobachen.BoardTest" time="0.429"/>
  <testcase name="[209] bn1brknr/ppp1p1pp/5p2/3p4/6qQ/3P3P/PPP1PPP1/BN1BRKNR w HEhe - 4 9, 25, 854, 22991, 704173, 20290974, 600195008" classname="com.welyab.ankobachen.BoardTest" time="0.664"/>
  <testcase name="[210] 1nqrkbnr/2pp1ppp/pp2p3/3b4/2P5/N7/PP1PPPPP/B1QRKBNR w HDhd - 0 9, 22, 651, 16173, 479152, 13133439, 390886040" classname="com.welyab.ankobachen.BoardTest" time="0.265"/>
  <testcase name="[211] bnqrk1rb/1pp1pppp/p2p4/4n3/2PPP3/8/PP3PPP/BNQRKNRB w GDgd - 1 9, 30, 950, 28169, 889687, 27610213, 880739164" classname="com.welyab.ankobachen.BoardTest" time="0.445"/>
  <testcase name="[212] nbb1rknr/1ppq1ppp/3p4/p3p3/4P3/1N2R3/PPPP1PPP/1BBQ1KNR w Hhe - 2 9, 33, 988, 31293, 967575, 30894863, 985384035" classname="com.welyab.ankobachen.BoardTest" time="0.393"/>
  <testcase name="[213] nqbbrknr/2ppp2p/pp4p1/5p2/7P/3P1P2/PPPBP1P1/NQ1BRKNR w HEhe - 0 9, 27, 492, 13266, 276569, 7583292, 175376176" classname="com.welyab.ankobachen.BoardTest" time="0.143"/>
  <testcase name="[214] 1qbrkb1r/pppppppp/8/3n4/4P1n1/PN6/1PPP1P1P/1QBRKBNR w HDhd - 3 9, 28, 800, 21982, 630374, 17313279, 507140861" classname="com.welyab.ankobachen.BoardTest" time="0.343"/>
  <testcase name="[215] 1qbrknrb/1p1ppppp/1np5/8/p4P1P/4P1N1/PPPP2P1/NQBRK1RB w GDgd - 0 9, 21, 482, 10581, 267935, 6218644, 168704845" classname="com.welyab.ankobachen.BoardTest" time="0.165"/>
  <testcase name="[216] nbqrbkr1/ppp1pppp/8/3p4/6n1/2P2PPN/PP1PP2P/NBQRBK1R w HDd - 1 9, 29, 921, 25748, 840262, 24138518, 806554650" classname="com.welyab.ankobachen.BoardTest" time="0.47"/>
  <testcase name="[217] nqrb1knr/1ppbpp1p/p7/3p2p1/2P3P1/5P1P/PP1PP3/NQRBBKNR w HChc - 1 9, 31, 803, 25857, 665799, 21998733, 583349773" classname="com.welyab.ankobachen.BoardTest" time="0.314"/>
  <testcase name="[218] 1qrkbbr1/pppp1ppp/1n3n2/4p3/5P2/1N6/PPPPP1PP/1QRKBBNR w HCc - 0 9, 25, 715, 19118, 556325, 15514933, 459533767" classname="com.welyab.ankobachen.BoardTest" time="0.208"/>
  <testcase name="[219] nqrkb1rb/pp2pppp/2p1n3/3p4/3PP1N1/8/PPP2PPP/NQRKB1RB w GCgc - 0 9, 26, 795, 21752, 679387, 19185851, 616508881" classname="com.welyab.ankobachen.BoardTest" time="0.318"/>
  <testcase name="[220] nb1rknbr/pp2ppp1/8/2Bp3p/6P1/2P2P1q/PP1PP2P/NBQRKN1R w HDhd - 0 9, 35, 1391, 43025, 1726888, 53033675, 2139267832" classname="com.welyab.ankobachen.BoardTest" time="0.898"/>
  <testcase name="[221] nqrbkn1r/pp1pp1pp/8/2p2p2/5P2/P3B2P/1PbPP1P1/NQRBKN1R w HChc - 0 9, 23, 758, 19439, 653854, 18296195, 628403401" classname="com.welyab.ankobachen.BoardTest" time="0.294"/>
  <testcase name="[222] nqrknbbr/pp1pppp1/7p/2p5/7P/1P1N4/P1PPPPPB/NQRK1B1R w HChc - 2 9, 29, 824, 23137, 683686, 19429491, 595493802" classname="com.welyab.ankobachen.BoardTest" time="0.277"/>
  <testcase name="[223] 1qrknrbb/B1p1pppp/8/1p1p4/2n2P2/1P6/P1PPP1PP/NQRKNR1B w FCfc - 0 9, 28, 771, 20237, 581721, 16065378, 483037840" classname="com.welyab.ankobachen.BoardTest" time="0.22"/>
  <testcase name="[224] bbnrqk1r/1ppppppp/8/7n/1p6/P6P/1BPPPPP1/1BNRQKNR w HDhd - 0 9, 25, 601, 15471, 396661, 10697065, 289472497" classname="com.welyab.ankobachen.BoardTest" time="0.222"/>
  <testcase name="[225] bnrbqknr/ppp3p1/3ppp1Q/7p/3P4/1P6/P1P1PPPP/BNRB1KNR w HChc - 0 9, 32, 845, 26876, 742888, 23717883, 682154649" classname="com.welyab.ankobachen.BoardTest" time="0.332"/>
  <testcase name="[226] bn1qkb1r/pprppppp/8/2p5/2PPP1n1/8/PPR2PPP/BN1QKBNR w Hh - 1 9, 32, 856, 27829, 768595, 25245957, 727424329" classname="com.welyab.ankobachen.BoardTest" time="0.324"/>
  <testcase name="[227] 1nrqknrb/p1pp1ppp/1p2p3/3N4/5P1P/5b2/PPPPP3/B1RQKNRB w GCgc - 2 9, 33, 873, 27685, 779473, 25128076, 745401024" classname="com.welyab.ankobachen.BoardTest" time="0.343"/>
  <testcase name="[228] nbbrqrk1/pppppppp/8/2N1n3/P7/6P1/1PPPPP1P/1BBRQKNR w HD - 3 9, 25, 555, 14339, 342296, 9153089, 234841945" classname="com.welyab.ankobachen.BoardTest" time="0.15"/>
  <testcase name="[229] 1rbbqknr/1ppp1pp1/1n2p3/p6p/4P1P1/P6N/1PPP1P1P/NRBBQK1R w HBhb - 0 9, 25, 693, 18652, 528070, 15133381, 439344945" classname="com.welyab.ankobachen.BoardTest" time="0.268"/>
  <testcase name="[230] nrq1kbnr/p1pbpppp/3p4/1p6/6P1/1N3N2/PPPPPP1P/1RBQKB1R w HBhb - 4 9, 24, 648, 16640, 471192, 12871967, 380436777" classname="com.welyab.ankobachen.BoardTest" time="0.262"/>
  <testcase name="[231] nr1qknr1/p1pppp1p/b5p1/1p6/8/P4PP1/1bPPP1RP/NRBQKN1B w Bgb - 0 9, 18, 533, 11215, 331243, 7777833, 234905172" classname="com.welyab.ankobachen.BoardTest" time="0.139"/>
  <testcase name="[232] nbrqbknr/1ppp2pp/8/4pp2/p2PP1P1/7N/PPP2P1P/NBRQBK1R w HChc - 0 9, 29, 803, 24416, 706648, 22305910, 672322762" classname="com.welyab.ankobachen.BoardTest" time="0.35"/>
  <testcase name="[233] nr1b1k1r/ppp1pppp/2bp1n2/6P1/2P3q1/5P2/PP1PP2P/NRQBBKNR w HBhb - 1 9, 27, 1199, 30908, 1296241, 35121759, 1418677099" classname="com.welyab.ankobachen.BoardTest" time="0.682"/>
  <testcase name="[234] nrqkbbnr/2pppp1p/p7/1p6/2P1Pp2/8/PPNP2PP/1RQKBBNR w HBhb - 0 9, 28, 613, 17874, 432750, 13097064, 345294379" classname="com.welyab.ankobachen.BoardTest" time="0.224"/>
  <testcase name="[235] 1rqkbnrb/pp1ppp1p/1n4p1/B1p5/3PP3/4N3/PPP2PPP/NRQK2RB w GBgb - 0 9, 33, 723, 23991, 590970, 19715083, 535650233" classname="com.welyab.ankobachen.BoardTest" time="0.349"/>
  <testcase name="[236] nbrqkn1r/1pppp2p/5pp1/p2b4/5P2/P2PN3/1PP1P1PP/NBRQK1BR w HChc - 2 9, 23, 607, 15482, 400970, 11026383, 290708878" classname="com.welyab.ankobachen.BoardTest" time="0.202"/>
  <testcase name="[237] nrqbknbr/pp1pppp1/8/2p4p/P3PP2/8/1PPP2PP/NRQBKNBR w HBhb - 1 9, 26, 700, 19371, 556026, 16058815, 485460242" classname="com.welyab.ankobachen.BoardTest" time="0.276"/>
  <testcase name="[238] nrqknbbr/p2pppp1/1pp5/6Qp/3P4/1P3P2/P1P1P1PP/NR1KNBBR w HBhb - 0 9, 40, 905, 32932, 829746, 29263502, 791963709" classname="com.welyab.ankobachen.BoardTest" time="0.392"/>
  <testcase name="[239] nrqknrbb/1p3ppp/p2p4/2p1p3/1P6/3PP1P1/P1P2P1P/NRQKNRBB w FBfb - 0 9, 29, 780, 22643, 654495, 19532077, 593181101" classname="com.welyab.ankobachen.BoardTest" time="0.303"/>
  <testcase name="[240] 1bnrkqnr/p1pppp2/7p/1p4p1/4b3/7N/PPPP1PPP/BBNRKQ1R w HDhd - 0 9, 25, 725, 19808, 565006, 16661676, 487354613" classname="com.welyab.ankobachen.BoardTest" time="0.269"/>
  <testcase name="[241] bnrbkq1r/pp2p1pp/5n2/2pp1p2/P7/N1PP4/1P2PPPP/B1RBKQNR w HChc - 1 9, 24, 745, 18494, 584015, 15079602, 488924040" classname="com.welyab.ankobachen.BoardTest" time="0.243"/>
  <testcase name="[242] 2rkqbnr/p1pppppp/2b5/1pn5/1P3P1Q/2B5/P1PPP1PP/1NRK1BNR w HChc - 3 9, 33, 904, 30111, 840025, 28194726, 801757709" classname="com.welyab.ankobachen.BoardTest" time="0.389"/>
  <testcase name="[243] bnrkqnrb/2pppp2/8/pp4pp/1P5P/6P1/P1PPPPB1/BNRKQNR1 w GCgc - 0 9, 34, 1059, 34090, 1054311, 33195397, 1036498304" classname="com.welyab.ankobachen.BoardTest" time="0.382"/>
  <testcase name="[244] 1bbrkq1r/pppp2pp/1n2pp1n/8/2PP4/1N4P1/PP2PP1P/1BBRKQNR w HDhd - 1 9, 33, 891, 28907, 814247, 26970098, 788040469" classname="com.welyab.ankobachen.BoardTest" time="0.371"/>
  <testcase name="[245] nrbbkqnr/1p2pp1p/p1p3p1/3p4/8/1PP5/P2PPPPP/NRBBKQNR w HBhb - 0 9, 21, 567, 13212, 376487, 9539687, 284426039" classname="com.welyab.ankobachen.BoardTest" time="0.188"/>
  <testcase name="[246] 1rbkqbr1/ppp1pppp/1n5n/3p4/3P4/1PP3P1/P3PP1P/NRBKQBNR w HBb - 1 9, 27, 752, 20686, 606783, 16986290, 521817800" classname="com.welyab.ankobachen.BoardTest" time="0.285"/>
  <testcase name="[247] nrbkq1rb/1ppp1pp1/4p1n1/p6p/2PP4/5P2/PPK1P1PP/NRB1QNRB w gb - 0 9, 35, 697, 23678, 505836, 16906409, 390324794" classname="com.welyab.ankobachen.BoardTest" time="0.259"/>
  <testcase name="[248] nbrkbqnr/p2pp1p1/5p2/1pp4p/7P/3P2P1/PPP1PP2/NBKRBQNR w hc - 0 9, 25, 679, 17223, 484921, 12879258, 376652259" classname="com.welyab.ankobachen.BoardTest" time="0.159"/>
  <testcase name="[249] nrkb1qnr/ppppp1p1/6bp/5p2/1PP1P1P1/8/P2P1P1P/NRKBBQNR w HBhb - 1 9, 32, 761, 24586, 632916, 20671433, 568524724" classname="com.welyab.ankobachen.BoardTest" time="0.308"/>
  <testcase name="[250] nrk1bbnr/p1q1pppp/1ppp4/8/3P3P/4K3/PPP1PPP1/NR1QBBNR w hb - 0 9, 30, 719, 21683, 541389, 16278120, 423649784" classname="com.welyab.ankobachen.BoardTest" time="0.298"/>
  <testcase name="[251] nrkqbr1b/1pppp1pp/5pn1/p6N/1P3P2/8/P1PPP1PP/NRKQB1RB w GBb - 0 9, 26, 494, 13815, 296170, 8763742, 206993496" classname="com.welyab.ankobachen.BoardTest" time="0.126"/>
  <testcase name="[252] nbrkq2r/pppp1bpp/4p1n1/5p2/7P/2P3N1/PP1PPPP1/NBKRQ1BR w hc - 0 9, 27, 701, 19536, 535052, 15394667, 443506342" classname="com.welyab.ankobachen.BoardTest" time="0.173"/>
  <testcase name="[253] nrkbqnbr/2ppp2p/pp6/5pp1/P1P5/8/1P1PPPPP/NRKBQNBR w HBhb - 0 9, 21, 487, 11341, 285387, 7218486, 193586674" classname="com.welyab.ankobachen.BoardTest" time="0.116"/>
  <testcase name="[254] nr1qnbbr/pk1pppp1/1pp4p/8/3P4/5P1P/PPP1P1P1/NRKQNBBR w HB - 0 9, 22, 546, 13615, 352855, 9587439, 259830255" classname="com.welyab.ankobachen.BoardTest" time="0.137"/>
  <testcase name="[255] nrkq1rbb/pp1ppp1p/2pn4/8/PP3Pp1/7P/2PPP1P1/NRKQNRBB w FBfb - 0 9, 26, 839, 22075, 723845, 19867117, 658535326" classname="com.welyab.ankobachen.BoardTest" time="0.474"/>
  <testcase name="[256] b2rknqr/pp1ppppp/8/2P5/n7/P7/1PPNPPPb/BBNRK1QR w HDhd - 2 9, 24, 699, 19523, 575172, 17734818, 535094237" classname="com.welyab.ankobachen.BoardTest" time="0.297"/>
  <testcase name="[257] bnrbknqr/pp2p2p/2p3p1/3p1p2/8/3P4/PPPNPPPP/B1RBKNQR w HChc - 0 9, 23, 580, 14320, 385917, 10133092, 288041554" classname="com.welyab.ankobachen.BoardTest" time="0.195"/>
  <testcase name="[258] bnrknb1r/pppp2pp/8/4pp2/6P1/3P3P/qPP1PPQ1/BNRKNB1R w HChc - 0 9, 28, 1100, 31813, 1217514, 36142423, 1361341249" classname="com.welyab.ankobachen.BoardTest" time="0.499"/>
  <testcase name="[259] b1rknqrb/ppp1p1p1/2np1p1p/8/4N3/6PQ/PPPPPP1P/B1RKN1RB w GCgc - 0 9, 36, 629, 23082, 453064, 16897544, 367503974" classname="com.welyab.ankobachen.BoardTest" time="0.179"/>
  <testcase name="[260] nb1rknqr/pbppp2p/6p1/1p3p2/5P2/3KP3/PPPP2PP/NBBR1NQR w hd - 2 9, 18, 557, 9779, 300744, 5822387, 180936551" classname="com.welyab.ankobachen.BoardTest" time="0.171"/>
  <testcase name="[261] nr1bknqr/1ppb1ppp/p7/3pp3/B7/2P3NP/PP1PPPP1/NRB1K1QR w HBhb - 2 9, 28, 688, 19541, 519785, 15153092, 425149249" classname="com.welyab.ankobachen.BoardTest" time="0.253"/>
  <testcase name="[262] nrbkn2r/pppp1pqp/4p1p1/8/3P2P1/P3B3/P1P1PP1P/NR1KNBQR w HBhb - 1 9, 32, 808, 25578, 676525, 22094260, 609377239" classname="com.welyab.ankobachen.BoardTest" time="0.303"/>
  <testcase name="[263] nrbknqrb/2p1ppp1/1p6/p2p2Bp/1P6/3P1P2/P1P1P1PP/NR1KNQRB w GBgb - 0 9, 30, 625, 18288, 418895, 12225742, 301834282" classname="com.welyab.ankobachen.BoardTest" time="0.183"/>
  <testcase name="[264] nbr1knqr/1pp1p1pp/3p1pb1/8/7P/5P2/PPPPPQP1/NBRKBN1R w HC - 2 9, 29, 863, 25767, 800239, 24965592, 799182442" classname="com.welyab.ankobachen.BoardTest" time="0.326"/>
  <testcase name="[265] n1kbbnqr/prp2ppp/1p1p4/4p3/1P2P3/3P1B2/P1P2PPP/NRK1BNQR w HBh - 2 9, 26, 653, 17020, 449719, 12187583, 336872952" classname="com.welyab.ankobachen.BoardTest" time="0.215"/>
  <testcase name="[266] nrknbbqr/pp3p1p/B3p1p1/2pp4/4P3/2N3P1/PPPP1P1P/NRK1B1QR w HBhb - 0 9, 29, 683, 19755, 501807, 14684565, 394951291" classname="com.welyab.ankobachen.BoardTest" time="0.205"/>
  <testcase name="[267] n1knbqrb/pr1p1ppp/Qp6/2p1p3/4P3/6P1/PPPP1P1P/NRKNB1RB w GBg - 2 9, 31, 552, 17197, 371343, 11663330, 283583340" classname="com.welyab.ankobachen.BoardTest" time="0.289"/>
  <testcase name="[268] nbrknqbr/p3p1pp/1p1p1p2/2p5/2Q1PP2/8/PPPP2PP/NBRKN1BR w HChc - 0 9, 37, 913, 32470, 825748, 28899548, 759875563" classname="com.welyab.ankobachen.BoardTest" time="0.386"/>
  <testcase name="[269] nrkb1qbr/pp1pppp1/5n2/7p/2p5/1N1NPP2/PPPP2PP/1RKB1QBR w HBhb - 0 9, 25, 712, 18813, 543870, 15045589, 445074372" classname="com.welyab.ankobachen.BoardTest" time="0.344"/>
  <testcase name="[270] nrk2bbr/pppqpppp/3p4/8/1P3nP1/3P4/P1P1PP1P/NRKNQBBR w HBhb - 1 9, 24, 814, 19954, 670162, 17603960, 592121050" classname="com.welyab.ankobachen.BoardTest" time="0.287"/>
  <testcase name="[271] nrknqrbb/1p2ppp1/2pp4/Q6p/P2P3P/8/1PP1PPP1/NRKN1RBB w FBfb - 0 9, 34, 513, 16111, 303908, 9569590, 206509331" classname="com.welyab.ankobachen.BoardTest" time="0.137"/>
  <testcase name="[272] bbnrk1rq/pp2p1pp/2ppn3/5p2/8/3NNP1P/PPPPP1P1/BB1RK1RQ w GDgd - 1 9, 28, 697, 20141, 517917, 15301879, 410843713" classname="com.welyab.ankobachen.BoardTest" time="0.236"/>
  <testcase name="[273] bnrbknrq/ppppp2p/6p1/5p2/4QPP1/8/PPPPP2P/BNRBKNR1 w GCgc - 0 9, 37, 901, 32612, 877372, 31385912, 903831981" classname="com.welyab.ankobachen.BoardTest" time="0.401"/>
  <testcase name="[274] bnkrnbrq/ppppp1p1/B6p/5p2/8/4P3/PPPP1PPP/BNKRN1RQ w - - 0 9, 26, 417, 11124, 217095, 5980981, 133080499" classname="com.welyab.ankobachen.BoardTest" time="0.09"/>
  <testcase name="[275] bnrk1rqb/2pppp1p/3n4/pp4p1/3Q1P2/2N3P1/PPPPP2P/B1RKNR1B w FCfc - 0 9, 49, 1655, 74590, 2512003, 107234294, 3651608327" classname="com.welyab.ankobachen.BoardTest" time="0.922"/>
  <testcase name="[276] nbbrk1rq/pp2pppp/2pp4/8/2P2n2/6N1/PP1PP1PP/NBBRKR1Q w Dgd - 0 9, 28, 960, 26841, 884237, 26083252, 846682836" classname="com.welyab.ankobachen.BoardTest" time="0.376"/>
  <testcase name="[277] nrbb2rq/pppk1ppp/4p1n1/3p4/6P1/1BP5/PP1PPPQP/NRB1KNR1 w GB - 0 9, 28, 735, 22048, 593839, 18588316, 512048946" classname="com.welyab.ankobachen.BoardTest" time="0.312"/>
  <testcase name="[278] nrbk1brq/p1ppppp1/7p/1p6/4P1nP/P7/1PPP1PP1/NRBKNBRQ w GBgb - 0 9, 22, 572, 12739, 351494, 8525056, 247615348" classname="com.welyab.ankobachen.BoardTest" time="0.15"/>
  <testcase name="[279] nrbk1rqb/1pp2ppp/5n2/p2pp3/5B2/1N1P2P1/PPP1PP1P/1R1KNRQB w FBfb - 0 9, 35, 927, 31559, 849932, 28465693, 783048748" classname="com.welyab.ankobachen.BoardTest" time="0.4"/>
  <testcase name="[280] nbrkb1rq/p1pp1ppp/4n3/4p3/Pp6/6N1/1PPPPPPP/NBRKBRQ1 w Cgc - 0 9, 20, 456, 10271, 247733, 6124625, 154766108" classname="com.welyab.ankobachen.BoardTest" time="0.091"/>
  <testcase name="[281] nrkb1nrq/p2pp1pp/1pp2p2/7b/6PP/5P2/PPPPP2N/NRKBB1RQ w GBgb - 0 9, 21, 479, 11152, 264493, 6696458, 165253524" classname="com.welyab.ankobachen.BoardTest" time="0.155"/>
  <testcase name="[282] nr1nbbr1/pppkpp1p/6p1/3p4/P6P/1P6/1RPPPPP1/N1KNBBRQ w G - 1 9, 20, 498, 11304, 288813, 7197322, 188021682" classname="com.welyab.ankobachen.BoardTest" time="0.119"/>
  <testcase name="[283] nrknbrqb/3p1ppp/ppN1p3/8/6P1/8/PPPPPP1P/1RKNBRQB w FBfb - 0 9, 32, 526, 17267, 319836, 10755190, 220058991" classname="com.welyab.ankobachen.BoardTest" time="0.212"/>
  <testcase name="[284] nbrkn1bq/p1pppr1p/1p6/5pp1/8/1N2PP2/PPPP2PP/1BKRNRBQ w c - 1 9, 19, 491, 10090, 277313, 6230616, 180748649" classname="com.welyab.ankobachen.BoardTest" time="0.11"/>
  <testcase name="[285] nrkbnrbq/ppppppp1/8/8/7p/PP3P2/2PPPRPP/NRKBN1BQ w Bfb - 0 9, 16, 353, 6189, 156002, 3008668, 82706705" classname="com.welyab.ankobachen.BoardTest" time="0.068"/>
  <testcase name="[286] nrknrbbq/p4ppp/2p1p3/1p1p4/1P2P3/2P5/P1NP1PPP/1RKNRBBQ w EBeb - 0 9, 29, 728, 21915, 587668, 18231199, 511686397" classname="com.welyab.ankobachen.BoardTest" time="0.256"/>
  <testcase name="[287] nrknr1bb/pppp1p2/7p/2qPp1p1/8/1P5P/P1P1PPP1/NRKNRQBB w EBeb - 0 9, 20, 714, 14336, 500458, 11132758, 386064577" classname="com.welyab.ankobachen.BoardTest" time="0.259"/>
  <testcase name="[288] bbqnrrkn/ppp2p1p/3pp1p1/8/1PP5/2Q5/P1BPPPPP/B2NRKRN w GE - 0 9, 39, 593, 23446, 424799, 16764576, 346185058" classname="com.welyab.ankobachen.BoardTest" time="0.18"/>
  <testcase name="[289] bqn1rkrn/p1p2ppp/1p1p4/4p3/3PP2b/8/PPP2PPP/BQNBRKRN w GEge - 2 9, 25, 773, 20042, 616817, 16632403, 515838333" classname="com.welyab.ankobachen.BoardTest" time="0.31"/>
  <testcase name="[290] bqnrkb1n/p1p1pprp/3p4/1p2P1p1/2PP4/8/PP3PPP/BQNRKBRN w GDd - 1 9, 31, 860, 28102, 810379, 27233018, 813751250" classname="com.welyab.ankobachen.BoardTest" time="0.396"/>
  <testcase name="[291] bqr1krnb/ppppppp1/7p/3n4/1P4P1/P4N2/2PPPP1P/BQNRKR1B w FDf - 3 9, 31, 709, 22936, 559830, 18608857, 480498340" classname="com.welyab.ankobachen.BoardTest" time="0.285"/>
  <testcase name="[292] qbbn1krn/pp3ppp/4r3/2ppp3/P1P4P/8/1P1PPPP1/QBBNRKRN w GEg - 1 9, 26, 775, 21100, 649673, 18476807, 582542257" classname="com.welyab.ankobachen.BoardTest" time="0.25"/>
  <testcase name="[293] qnbbrkrn/1p1pp2p/p7/2p2pp1/8/4P2P/PPPP1PPK/QNBBRR1N w ge - 0 9, 25, 599, 15139, 389104, 10260500, 279222412" classname="com.welyab.ankobachen.BoardTest" time="0.142"/>
  <testcase name="[294] qnbrkbrn/1ppp2p1/p3p2p/5p2/P4P2/1P6/2PPP1PP/QNBRKBRN w GDgd - 0 9, 27, 588, 16735, 394829, 11640416, 293541380" classname="com.welyab.ankobachen.BoardTest" time="0.218"/>
  <testcase name="[295] 1nbrkrnb/p1pppp1p/1pq3p1/8/4P3/P1P4N/1P1P1PPP/QNBRKR1B w FDfd - 1 9, 18, 609, 11789, 406831, 8604788, 299491047" classname="com.welyab.ankobachen.BoardTest" time="0.199"/>
  <testcase name="[296] qb1r1krn/pppp2pp/1n2ppb1/4P3/7P/8/PPPP1PP1/QBNRBKRN w GDgd - 0 9, 20, 578, 12205, 349453, 7939483, 229142178" classname="com.welyab.ankobachen.BoardTest" time="0.145"/>
  <testcase name="[297] qnr1bkrn/p3pppp/1bpp4/1p6/2P2PP1/8/PP1PPN1P/QNRBBKR1 w GCgc - 0 9, 30, 865, 26617, 771705, 24475596, 719842237" classname="com.welyab.ankobachen.BoardTest" time="0.323"/>
  <testcase name="[298] 1nkrbbrn/qppppppp/8/8/p2P4/1P5P/P1P1PPP1/QNKRBBRN w - - 0 9, 27, 672, 18371, 505278, 14065717, 410130412" classname="com.welyab.ankobachen.BoardTest" time="0.198"/>
  <testcase name="[299] 1qrkbrnb/ppp1p1pp/n2p4/5p2/4N3/8/PPPPPPPP/Q1RKBRNB w Ffc - 2 9, 25, 718, 18573, 536771, 14404324, 424279467" classname="com.welyab.ankobachen.BoardTest" time="0.26"/>
  <testcase name="[300] q1nrkrbn/pp1pppp1/2p4p/8/P7/5Pb1/BPPPPNPP/Q1NRKRB1 w FDfd - 0 9, 22, 558, 12911, 336042, 8516966, 228074630" classname="com.welyab.ankobachen.BoardTest" time="0.21"/>
  <testcase name="[301] qnrbkrbn/1p1p1pp1/p1p5/4p2p/8/3P1P2/PPP1P1PP/QNRBKRBN w FCfc - 0 9, 28, 669, 17713, 440930, 12055174, 313276304" classname="com.welyab.ankobachen.BoardTest" time="0.218"/>
  <testcase name="[302] qnrkr1bn/p1pp1ppp/8/1p2p3/3P1P2/bP4P1/P1P1P2P/QNRKRBBN w ECec - 1 9, 23, 845, 20973, 759778, 19939053, 718075943" classname="com.welyab.ankobachen.BoardTest" time="0.372"/>
  <testcase name="[303] q1krrnbb/p1p1pppp/2np4/1pB5/5P2/8/PPPPP1PP/QNRKRN1B w EC - 0 9, 29, 776, 21966, 631941, 18110831, 549019739" classname="com.welyab.ankobachen.BoardTest" time="0.262"/>
  <testcase name="[304] bbn1rkrn/pp1p1ppp/8/2p1p1q1/6P1/P7/BPPPPP1P/B1NQRKRN w GEge - 0 9, 26, 936, 25177, 906801, 24984621, 901444251" classname="com.welyab.ankobachen.BoardTest" time="0.405"/>
  <testcase name="[305] bn1brkrn/pp1qpp1p/2p3p1/3p4/1PPP4/P7/4PPPP/BNQBRKRN w GEge - 1 9, 29, 755, 22858, 645963, 20128587, 600207069" classname="com.welyab.ankobachen.BoardTest" time="0.271"/>
  <testcase name="[306] b2rkbrn/p1pppppp/qp6/8/1n6/2B2P2/P1PPP1PP/1NQRKBRN w GDgd - 0 9, 24, 878, 21440, 791007, 20840078, 775795187" classname="com.welyab.ankobachen.BoardTest" time="0.37"/>
  <testcase name="[307] b2rkrnb/pqp1pppp/n7/1p1p4/P7/N1P2N2/1P1PPPPP/B1QRKR1B w FDfd - 4 9, 26, 724, 19558, 571891, 16109522, 492933398" classname="com.welyab.ankobachen.BoardTest" time="0.252"/>
  <testcase name="[308] 1bbqrkrn/ppppp1p1/8/5p1p/P1n3P1/3P4/1PP1PP1P/NBBQRRKN w ge - 1 9, 25, 678, 17351, 461211, 12173245, 329661421" classname="com.welyab.ankobachen.BoardTest" time="0.158"/>
  <testcase name="[309] nqb1rrkn/ppp1bppp/3pp3/8/3P4/1P6/PQP1PPPP/N1BBRRKN w - - 1 9, 23, 503, 12465, 290341, 7626054, 188215608" classname="com.welyab.ankobachen.BoardTest" time="0.147"/>
  <testcase name="[310] nqbrkbr1/p1pppppp/1p6/2N2n2/2P5/5P2/PP1PP1PP/1QBRKBRN w GDgd - 1 9, 29, 688, 20289, 506302, 15167248, 399015237" classname="com.welyab.ankobachen.BoardTest" time="0.229"/>
  <testcase name="[311] nqbrkrn1/1ppppp2/6pp/p7/1P6/2Q5/P1PPPPPP/N1BRKRNB w FDfd - 0 9, 36, 602, 20985, 397340, 13706856, 291708797" classname="com.welyab.ankobachen.BoardTest" time="0.389"/>
  <testcase name="[312] nbqrbrkn/pp1p1pp1/2p5/4p2p/2P3P1/1P3P2/P2PP2P/NBQRBKRN w GD - 0 9, 34, 655, 22581, 474396, 16613630, 379344541" classname="com.welyab.ankobachen.BoardTest" time="0.22"/>
  <testcase name="[313] nqrbbrkn/1p1pppp1/8/p1p4p/4P2P/1N4P1/PPPP1P2/1QRBBKRN w GC - 0 9, 23, 597, 14468, 400357, 10096863, 294900903" classname="com.welyab.ankobachen.BoardTest" time="0.175"/>
  <testcase name="[314] nqrkbbrn/2p1p1pp/pp1p1p2/8/P2N4/2P5/1P1PPPPP/1QRKBBRN w GCgc - 0 9, 32, 744, 23310, 550728, 17597164, 428786656" classname="com.welyab.ankobachen.BoardTest" time="0.233"/>
  <testcase name="[315] n1krbrnb/q1pppppp/p7/1p6/3Q4/2P2P2/PP1PP1PP/N1RKBRNB w FC - 1 9, 43, 1038, 41327, 1074450, 40918952, 1126603824" classname="com.welyab.ankobachen.BoardTest" time="0.457"/>
  <testcase name="[316] nb1rkrbn/p1pp1p1p/qp6/4p1p1/5PP1/P7/1PPPPB1P/NBQRKR1N w FDfd - 2 9, 26, 645, 16463, 445464, 11911314, 342563372" classname="com.welyab.ankobachen.BoardTest" time="0.196"/>
  <testcase name="[317] nqr1krbn/pppp1ppp/8/8/3pP3/5P2/PPPb1NPP/NQRBKRB1 w FCfc - 3 9, 2, 51, 1047, 27743, 612305, 17040200" classname="com.welyab.ankobachen.BoardTest" time="0.017"/>
  <testcase name="[318] n1rkrbbn/pqppppp1/7p/1p6/8/1NPP4/PP1KPPPP/1QR1RBBN w ec - 0 9, 25, 674, 17553, 505337, 13421727, 403551903" classname="com.welyab.ankobachen.BoardTest" time="0.203"/>
  <testcase name="[319] 1qrkrnbb/1p1p1ppp/pnp1p3/8/3PP3/P6P/1PP2PP1/NQRKRNBB w ECec - 0 9, 24, 688, 17342, 511444, 13322502, 403441498" classname="com.welyab.ankobachen.BoardTest" time="0.251"/>
  <testcase name="[320] 1bnrqkrn/2ppppp1/p7/1p1b3p/3PP1P1/8/PPPQ1P1P/BBNR1KRN w GDgd - 1 9, 35, 925, 32238, 857060, 30458921, 824344087" classname="com.welyab.ankobachen.BoardTest" time="0.44"/>
  <testcase name="[321] bnrbqkr1/ppp2pp1/6n1/3pp2p/1P6/2N3N1/P1PPPPPP/B1RBQRK1 w gc - 0 9, 23, 704, 17345, 539587, 14154852, 450893738" classname="com.welyab.ankobachen.BoardTest" time="0.165"/>
  <testcase name="[322] 1nrqkbrn/p1pppppp/8/1p1b4/P6P/5P2/1PPPP1P1/BNRQKBRN w GCgc - 1 9, 19, 505, 10619, 281422, 6450025, 175593967" classname="com.welyab.ankobachen.BoardTest" time="0.127"/>
  <testcase name="[323] b1rqkrnb/ppppppp1/8/6p1/3n4/NP6/P1PPPP1P/B1RQKRNB w FCfc - 0 9, 25, 614, 15578, 377660, 10391021, 259629603" classname="com.welyab.ankobachen.BoardTest" time="0.229"/>
  <testcase name="[324] nbbrqkrn/ppp3p1/3pp3/5p1p/1P2P3/P7/2PPQPPP/NBBR1KRN w GDgd - 0 9, 30, 833, 25719, 717713, 22873901, 649556666" classname="com.welyab.ankobachen.BoardTest" time="0.36"/>
  <testcase name="[325] nr1bqrk1/ppp1pppp/6n1/3pP3/8/5PQb/PPPP2PP/NRBB1KRN w GB - 3 9, 26, 734, 20161, 582591, 17199594, 512134836" classname="com.welyab.ankobachen.BoardTest" time="0.303"/>
  <testcase name="[326] 1rbqkbr1/ppppp1pp/1n6/4np2/3P1P2/6P1/PPPQP2P/NRB1KBRN w GBgb - 1 9, 27, 662, 17897, 447464, 13038519, 338365642" classname="com.welyab.ankobachen.BoardTest" time="0.218"/>
  <testcase name="[327] nr1qkr1b/ppp1pp1p/4bn2/3p2p1/4P3/1Q6/PPPP1PPP/NRB1KRNB w FBfb - 4 9, 33, 939, 30923, 942138, 30995969, 991509814" classname="com.welyab.ankobachen.BoardTest" time="0.499"/>
  <testcase name="[328] nb1qbkrn/pprp1pp1/7p/2p1pB2/Q1PP4/8/PP2PPPP/N1R1BKRN w GCg - 2 9, 47, 1128, 50723, 1306753, 56747878, 1560584212" classname="com.welyab.ankobachen.BoardTest" time="0.554"/>
  <testcase name="[329] nrqb1rkn/pp2pppp/2bp4/2p5/6P1/2P3N1/PP1PPP1P/NRQBBRK1 w - - 3 9, 24, 828, 21148, 723705, 19506135, 668969549" classname="com.welyab.ankobachen.BoardTest" time="0.394"/>
  <testcase name="[330] nrq1bbrn/ppkpp2p/2p3p1/P4p2/8/4P1N1/1PPP1PPP/NRQKBBR1 w GB - 0 9, 25, 525, 13533, 309994, 8250997, 201795680" classname="com.welyab.ankobachen.BoardTest" time="0.149"/>
  <testcase name="[331] Br1kbrn1/pqpppp2/8/6pp/3b2P1/1N6/PPPPPP1P/1RQKBRN1 w FBfb - 3 9, 20, 790, 18175, 695905, 17735648, 669854148" classname="com.welyab.ankobachen.BoardTest" time="0.403"/>
  <testcase name="[332] nbrqkrbn/2p1p1pp/p7/1p1p1p2/4P1P1/5P2/PPPP3P/NBRQKRBN w FCfc - 0 9, 29, 771, 22489, 647106, 19192982, 591335970" classname="com.welyab.ankobachen.BoardTest" time="0.335"/>
  <testcase name="[333] 1rqbkrbn/1ppppp1p/1n6/p1N3p1/8/2P4P/PP1PPPP1/1RQBKRBN w FBfb - 0 9, 29, 502, 14569, 287739, 8652810, 191762235" classname="com.welyab.ankobachen.BoardTest" time="0.175"/>
  <testcase name="[334] 1rqkrbbn/ppnpp1pp/8/2p5/6p1/3P4/PPP1PPPP/NRK1RBBN w eb - 0 9, 19, 531, 10812, 300384, 6506674, 184309316" classname="com.welyab.ankobachen.BoardTest" time="0.109"/>
  <testcase name="[335] nrqkrnbb/p1pp2pp/5p2/4P3/2p5/4N3/PP1PP1PP/NRQKR1BB w EBeb - 0 9, 26, 800, 23256, 756695, 23952941, 809841274" classname="com.welyab.ankobachen.BoardTest" time="0.386"/>
  <testcase name="[336] bbnrkqrn/pp3pp1/4p2p/2pp4/4P1P1/1PB5/P1PP1P1P/1BNRKQRN w GDgd - 0 9, 33, 915, 30536, 878648, 29602610, 881898159" classname="com.welyab.ankobachen.BoardTest" time="0.411"/>
  <testcase name="[337] bnrbkqr1/1p2pppp/6n1/p1pp4/7P/P3P3/1PPPKPP1/BNRB1QRN w gc - 0 9, 19, 457, 9332, 238944, 5356253, 144653627" classname="com.welyab.ankobachen.BoardTest" time="0.106"/>
  <testcase name="[338] b1rkqbrn/pp1p2pp/2n1p3/2p2p2/3P2PP/8/PPP1PP2/BNKRQBRN w gc - 0 9, 30, 985, 30831, 1011700, 32684185, 1080607773" classname="com.welyab.ankobachen.BoardTest" time="0.363"/>
  <testcase name="[339] b1rkqrnb/2ppppp1/np6/p6p/1P6/P2P3P/2P1PPP1/BNRKQRNB w FCfc - 0 9, 26, 692, 18732, 517703, 14561181, 413226841" classname="com.welyab.ankobachen.BoardTest" time="0.221"/>
  <testcase name="[340] nbbrkqrn/1ppp1p2/p6p/4p1p1/5P2/1P5P/P1PPPNP1/NBBRKQR1 w GDgd - 0 9, 22, 561, 13222, 367487, 9307003, 273928315" classname="com.welyab.ankobachen.BoardTest" time="0.189"/>
  <testcase name="[341] nrbbkqrn/p1pppppp/8/1p6/4P3/7Q/PPPP1PPP/NRBBK1RN w GBgb - 0 9, 38, 769, 28418, 632310, 23091070, 560139600" classname="com.welyab.ankobachen.BoardTest" time="0.344"/>
  <testcase name="[342] nrbkqbrn/1pppp2p/8/p4pp1/P4PQ1/8/1PPPP1PP/NRBK1BRN w GBgb - 0 9, 23, 507, 13067, 321423, 8887567, 237475184" classname="com.welyab.ankobachen.BoardTest" time="0.135"/>
  <testcase name="[343] nr1kqr1b/pp2pppp/5n2/2pp4/P5b1/5P2/1PPPPRPP/NRBK1QNB w Bfb - 2 9, 18, 626, 12386, 434138, 9465555, 335004239" classname="com.welyab.ankobachen.BoardTest" time="0.162"/>
  <testcase name="[344] nbkrbqrn/1pppppp1/8/4P2p/pP6/P7/2PP1PPP/NBRKBQRN w GC - 0 9, 22, 329, 8475, 148351, 4160034, 82875306" classname="com.welyab.ankobachen.BoardTest" time="0.062"/>
  <testcase name="[345] nrkb1qrn/pp1pp1pp/8/5p1b/P1p4P/6N1/1PPPPPP1/NRKBBQR1 w GBgb - 2 9, 16, 479, 9037, 275354, 5862341, 184959796" classname="com.welyab.ankobachen.BoardTest" time="0.148"/>
  <testcase name="[346] 1rkq1brn/ppppp1pp/1n6/3b1p2/3N3P/5P2/PPPPP1P1/1RKQBBRN w GBgb - 3 9, 23, 614, 15324, 418395, 11090645, 313526088" classname="com.welyab.ankobachen.BoardTest" time="0.231"/>
  <testcase name="[347] nrk1brnb/pp1ppppp/2p5/3q4/5P2/PP6/1KPPP1PP/NR1QBRNB w fb - 1 9, 25, 942, 21765, 792179, 19318837, 685549171" classname="com.welyab.ankobachen.BoardTest" time="0.325"/>
  <testcase name="[348] nbrkqr1n/1pppp2p/p4pp1/2Bb4/5P2/6P1/PPPPP2P/NBRKQ1RN w Cfc - 2 9, 30, 841, 24775, 677876, 20145765, 557578726" classname="com.welyab.ankobachen.BoardTest" time="0.215"/>
  <testcase name="[349] n1kbqrbn/2p1pppp/1r6/pp1p4/P7/3P4/1PP1PPPP/NRKBQRBN w FBf - 2 9, 21, 591, 14101, 394289, 10295086, 292131422" classname="com.welyab.ankobachen.BoardTest" time="0.17"/>
  <testcase name="[350] nrkqrbb1/ppp1pppp/3p4/8/4P3/2Pn1P2/PP4PP/NRKQRBBN w EBeb - 0 9, 4, 88, 3090, 73414, 2640555, 66958031" classname="com.welyab.ankobachen.BoardTest" time="0.043"/>
  <testcase name="[351] nrkqrnbb/ppppp1p1/7p/1P3p2/3P4/2P5/P3PPPP/NRKQRNBB w EBeb - 0 9, 29, 689, 21091, 508789, 16226660, 408570219" classname="com.welyab.ankobachen.BoardTest" time="0.256"/>
  <testcase name="[352] bbnr1rqn/pp2pkpp/2pp1p2/8/4P1P1/8/PPPP1P1P/BBNRKRQN w FD - 0 9, 21, 463, 11135, 256244, 6826249, 165025370" classname="com.welyab.ankobachen.BoardTest" time="0.117"/>
  <testcase name="[353] bnrbk1qn/1pppprpp/8/p4p1P/6P1/3P4/PPP1PP2/BNRBKRQN w FCc - 0 9, 22, 459, 11447, 268157, 7371098, 190583454" classname="com.welyab.ankobachen.BoardTest" time="0.109"/>
  <testcase name="[354] 1nrkrbqn/p1pp1ppp/4p3/1p6/1PP5/6PB/P2PPPbP/BNRKR1QN w ECec - 0 9, 30, 931, 29012, 887414, 28412902, 869228014" classname="com.welyab.ankobachen.BoardTest" time="0.381"/>
  <testcase name="[355] b1rkr1nb/pppppqp1/n4B2/7p/8/1P4P1/P1PPPP1P/1NKRRQNB w ec - 1 9, 36, 934, 31790, 930926, 30392925, 952871799" classname="com.welyab.ankobachen.BoardTest" time="0.351"/>
  <testcase name="[356] nbbrkrqn/p1ppp1p1/8/1p3p1p/2P3PP/8/PP1PPPQ1/NBBRKR1N w FDfd - 0 9, 34, 938, 31848, 921716, 31185844, 944483246" classname="com.welyab.ankobachen.BoardTest" time="0.402"/>
  <testcase name="[357] 1rbbkrqn/ppp1pp2/1n1p2p1/7p/P3P1P1/3P4/1PP2P1P/NRBBKRQN w FBfb - 0 9, 26, 646, 18083, 472744, 14006203, 384101783" classname="com.welyab.ankobachen.BoardTest" time="0.235"/>
  <testcase name="[358] nrbkrbq1/Qpppp1pp/2n5/5p2/P4P2/6N1/1PPPP1PP/NRBKRB2 w EBeb - 1 9, 27, 619, 16713, 421845, 11718463, 313794027" classname="com.welyab.ankobachen.BoardTest" time="0.422"/>
  <testcase name="[359] 1rbkr1nb/pppp1qpp/1n6/4pp2/1PP1P3/8/PB1P1PPP/NR1KRQNB w EBeb - 1 9, 32, 1029, 32970, 1080977, 35483796, 1181835398" classname="com.welyab.ankobachen.BoardTest" time="0.577"/>
  <testcase name="[360] nbrk1rqn/p1ppp2p/1p6/5ppb/8/1N2P2P/PPPP1PP1/1BKRBRQN w fc - 0 9, 18, 594, 12350, 408544, 9329122, 315021712" classname="com.welyab.ankobachen.BoardTest" time="0.167"/>
  <testcase name="[361] nrkbbrqn/3pppp1/7p/ppp5/P7/1N5P/1PPPPPP1/1RKBBRQN w FBfb - 0 9, 19, 417, 9026, 218513, 5236331, 137024458" classname="com.welyab.ankobachen.BoardTest" time="0.12"/>
  <testcase name="[362] nrkr1bqn/ppp1pppp/3p4/1b6/7P/P7/1PPPPPP1/NRKRBBQN w DBdb - 1 9, 17, 457, 9083, 243872, 5503579, 150091997" classname="com.welyab.ankobachen.BoardTest" time="0.146"/>
  <testcase name="[363] nrkrbqnb/p4ppp/1p2p3/2pp4/6P1/2P2N2/PPNPPP1P/1RKRBQ1B w DBdb - 0 9, 27, 755, 21012, 620093, 17883987, 547233320" classname="com.welyab.ankobachen.BoardTest" time="0.354"/>
  <testcase name="[364] nbkrr1bn/ppB2ppp/4p3/2qp4/4P3/5P2/PPPP2PP/NBRKRQ1N w EC - 1 9, 37, 1473, 51939, 1956521, 68070015, 2490912491" classname="com.welyab.ankobachen.BoardTest" time="0.868"/>
  <testcase name="[365] n1kbrqbn/p1pp1pp1/4p2p/2B5/1r3P2/8/PPPPP1PP/NRKBRQ1N w EBe - 2 9, 30, 1029, 30874, 1053163, 32318550, 1106487743" classname="com.welyab.ankobachen.BoardTest" time="0.709"/>
  <testcase name="[366] nrkrqbbn/2pppp1p/8/pp6/1P1P2p1/P5P1/2P1PP1P/NRKRQBBN w DBdb - 0 9, 22, 421, 10034, 221927, 5754555, 141245633" classname="com.welyab.ankobachen.BoardTest" time="0.104"/>
  <testcase name="[367] nrkr1nbb/1ppp2pp/p3q3/4pp2/2P5/P3P3/1PKP1PPP/NR1RQNBB w db - 0 9, 22, 619, 13953, 411392, 9905109, 301403003" classname="com.welyab.ankobachen.BoardTest" time="0.213"/>
  <testcase name="[368] bbnrkrnq/1pp1p2p/6p1/p2p1p2/8/1P2P3/P1PP1PPP/BBNRKRNQ w FDfd - 0 9, 27, 805, 21915, 688224, 19133881, 620749189" classname="com.welyab.ankobachen.BoardTest" time="0.303"/>
  <testcase name="[369] bnrbkrn1/pp1ppp2/2p3pp/8/2Pq4/P4PP1/1P1PP2P/BNRBKRNQ w FCfc - 1 9, 20, 770, 16593, 577980, 13581691, 456736500" classname="com.welyab.ankobachen.BoardTest" time="0.336"/>
  <testcase name="[370] b1rkrbnq/1pp1pppp/2np4/p5N1/8/1P2P3/P1PP1PPP/BNRKRB1Q w ECec - 0 9, 37, 740, 27073, 581744, 21156664, 485803600" classname="com.welyab.ankobachen.BoardTest" time="0.256"/>
  <testcase name="[371] b1krrnqb/pp1ppp1p/n1p3p1/2N5/6P1/8/PPPPPP1P/B1RKRNQB w EC - 0 9, 34, 850, 28494, 752350, 25360295, 698159474" classname="com.welyab.ankobachen.BoardTest" time="0.307"/>
  <testcase name="[372] 1bbr1rnq/ppppkppp/8/3np3/4P3/3P4/PPP1KPPP/NBBRR1NQ w - - 1 9, 27, 704, 18290, 480474, 12817011, 341026662" classname="com.welyab.ankobachen.BoardTest" time="0.209"/>
  <testcase name="[373] nrbbk1nq/p1p1prpp/1p6/N2p1p2/P7/8/1PPPPPPP/R1BBKRNQ w Fb - 2 9, 23, 552, 13710, 348593, 9236564, 248469879" classname="com.welyab.ankobachen.BoardTest" time="0.178"/>
  <testcase name="[374] 1rbkrb1q/1pppp1pp/1n5n/p4p2/P3P3/1P6/2PPNPPP/NRBKRB1Q w EBeb - 1 9, 22, 415, 10198, 217224, 5735644, 135295774" classname="com.welyab.ankobachen.BoardTest" time="0.118"/>
  <testcase name="[375] nrbkr1qb/1pp1pppp/6n1/p2p4/2P1P3/1N4N1/PP1P1PPP/1RBKR1QB w EBeb - 0 9, 27, 709, 19126, 506214, 14192779, 380516508" classname="com.welyab.ankobachen.BoardTest" time="0.261"/>
  <testcase name="[376] nbrkbrnq/p3p1pp/1pp2p2/3p4/1PP5/4P3/P1KP1PPP/NBR1BRNQ w fc - 0 9, 24, 715, 18009, 535054, 14322279, 427269976" classname="com.welyab.ankobachen.BoardTest" time="0.276"/>
  <testcase name="[377] nrk1brnq/pp1p1pp1/7p/b1p1p3/1P6/6P1/P1PPPPQP/NRKBBRN1 w FBfb - 2 9, 29, 675, 20352, 492124, 15316285, 389051744" classname="com.welyab.ankobachen.BoardTest" time="0.211"/>
  <testcase name="[378] nrkr1bnq/1p2pppp/p2p4/1bp5/PP6/1R5N/2PPPPPP/N1KRBB1Q w Ddb - 2 9, 27, 744, 20494, 571209, 16188945, 458900901" classname="com.welyab.ankobachen.BoardTest" time="0.257"/>
  <testcase name="[379] nrk1b1qb/pppn1ppp/3rp3/3p4/2P3P1/3P4/PPN1PP1P/1RKRBNQB w DBb - 3 9, 35, 941, 33203, 935791, 33150360, 968024386" classname="com.welyab.ankobachen.BoardTest" time="0.417"/>
  <testcase name="[380] nb1rrnbq/ppkp1ppp/8/2p1p3/P7/1N2P3/1PPP1PPP/1BKRRNBQ w - - 1 9, 19, 451, 9655, 235472, 5506897, 139436165" classname="com.welyab.ankobachen.BoardTest" time="0.097"/>
  <testcase name="[381] nrkbrnbq/4pppp/1ppp4/p7/2P1P3/3P2N1/PP3PPP/NRKBR1BQ w EBeb - 0 9, 29, 591, 17132, 384358, 11245508, 270967202" classname="com.welyab.ankobachen.BoardTest" time="0.195"/>
  <testcase name="[382] nrkrnbbq/3p1ppp/1p6/p1p1p3/3P2P1/P4Q2/1PP1PP1P/NRKRNBB1 w DBdb - 0 9, 38, 792, 28597, 640961, 22654797, 540864616" classname="com.welyab.ankobachen.BoardTest" time="0.298"/>
  <testcase name="[383] nr1rnqbb/ppp1pp1p/3k2p1/3p4/1P5P/3P1N2/P1P1PPP1/NRKR1QBB w DB - 1 9, 25, 758, 18547, 543643, 13890077, 402109399" classname="com.welyab.ankobachen.BoardTest" time="0.265"/>
  <testcase name="[384] bbqrnnkr/1ppp1p1p/5p2/p5p1/P7/1P4P1/2PPPP1P/1BQRNNKR w HDhd - 0 9, 20, 322, 7224, 145818, 3588435, 82754650" classname="com.welyab.ankobachen.BoardTest" time="0.069"/>
  <testcase name="[385] bqrb2k1/pppppppr/5nnp/8/3P1P2/4P1N1/PPP3PP/BQRBN1KR w HCc - 1 9, 25, 597, 15872, 397970, 11162476, 295682250" classname="com.welyab.ankobachen.BoardTest" time="0.174"/>
  <testcase name="[386] bqrnn1kr/1pppbppp/8/4p3/1p6/2P1N2P/P2PPPP1/BQR1NBKR w HChc - 1 9, 34, 921, 31695, 864023, 30126510, 850296236" classname="com.welyab.ankobachen.BoardTest" time="0.324"/>
  <testcase name="[387] bqr1nkr1/pppppp2/2n3p1/7p/1P1b1P2/8/PQP1P1PP/B1RNNKRB w GCgc - 0 9, 23, 788, 21539, 686795, 20849374, 645694580" classname="com.welyab.ankobachen.BoardTest" time="0.435"/>
  <testcase name="[388] qbbrnn1r/1pppp1pk/p7/5p1p/P2P3P/3N4/1PP1PPP1/QBBR1NKR w HD - 0 9, 34, 713, 24475, 562189, 19494094, 482645160" classname="com.welyab.ankobachen.BoardTest" time="0.24"/>
  <testcase name="[389] qrbb2kr/p1pppppp/1p1n4/8/1P3n2/P7/Q1PPP1PP/1RBBNNKR w HBhb - 0 9, 28, 977, 26955, 949925, 27802999, 992109168" classname="com.welyab.ankobachen.BoardTest" time="0.493"/>
  <testcase name="[390] qrb2bkr/1pp1pppp/2np1n2/pN6/3P4/4B3/PPP1PPPP/QR2NBKR w HBhb - 0 9, 27, 730, 20534, 585091, 17005916, 507008968" classname="com.welyab.ankobachen.BoardTest" time="0.322"/>
  <testcase name="[391] qrbnnkrb/pp2pp1p/8/2pp2p1/7P/P1P5/QP1PPPP1/1RBNNKRB w GBgb - 0 9, 24, 813, 21142, 707925, 19615756, 655850285" classname="com.welyab.ankobachen.BoardTest" time="0.259"/>
  <testcase name="[392] 1brnb1kr/p1pppppp/1p6/8/4q2n/1P2P1P1/PNPP1P1P/QBR1BNKR w HChc - 3 9, 17, 734, 13462, 530809, 11032633, 416356876" classname="com.welyab.ankobachen.BoardTest" time="0.383"/>
  <testcase name="[393] 1rnbbnkr/1pp1pppp/1q1p4/p7/4P3/5PN1/PPPP1BPP/QRNB2KR w HBhb - 1 9, 26, 809, 21764, 706677, 20292750, 675408811" classname="com.welyab.ankobachen.BoardTest" time="0.323"/>
  <testcase name="[394] qrnnbb1Q/ppp1pk1p/3p2p1/5p2/PP6/5P2/2PPP1PP/1RNNBBKR w HB - 0 9, 37, 751, 27902, 603931, 22443036, 515122176" classname="com.welyab.ankobachen.BoardTest" time="0.277"/>
  <testcase name="[395] qrnnbkrb/p3p1pp/3p1p2/1pp5/PP2P3/8/2PP1PPP/QRNNBRKB w gb - 0 9, 30, 906, 27955, 872526, 27658191, 890966633" classname="com.welyab.ankobachen.BoardTest" time="0.534"/>
  <testcase name="[396] qbrnnkbr/1p2pp1p/p1p3p1/3p4/6P1/P1N4P/1PPPPP2/QBR1NKBR w HChc - 0 9, 26, 701, 18930, 521377, 14733245, 416881799" classname="com.welyab.ankobachen.BoardTest" time="0.226"/>
  <testcase name="[397] qr1b1kbr/1p1ppppp/1n1n4/p1p5/4P3/5NPP/PPPP1P2/QRNB1KBR w HBhb - 1 9, 26, 649, 17235, 451997, 12367604, 342165821" classname="com.welyab.ankobachen.BoardTest" time="0.223"/>
  <testcase name="[398] qrnnkb1r/1pppppp1/7p/p4b2/4P3/5P1P/PPPP2PR/QRNNKBB1 w Bhb - 1 9, 34, 941, 31720, 901240, 30307554, 888709821" classname="com.welyab.ankobachen.BoardTest" time="0.378"/>
  <testcase name="[399] qr1nkrbb/p2ppppp/1pp5/8/3Pn3/1NP3P1/PP2PP1P/QR1NKRBB w FBfb - 1 9, 19, 505, 11107, 294251, 7046501, 190414579" classname="com.welyab.ankobachen.BoardTest" time="0.167"/>
  <testcase name="[400] bbrqn1kr/1pppp1pp/4n3/5p2/p5P1/3P4/PPP1PPKP/BBRQNN1R w hc - 0 9, 24, 573, 12963, 335845, 8191054, 227555387" classname="com.welyab.ankobachen.BoardTest" time="0.155"/>
  <testcase name="[401] brqb1nkr/pppppp1p/8/4N1pn/5P2/6P1/PPPPP2P/BRQB1NKR w HBhb - 0 9, 26, 550, 14338, 331666, 8903754, 223437427" classname="com.welyab.ankobachen.BoardTest" time="0.152"/>
  <testcase name="[402] brqnn1kr/pp3ppp/2pbp3/3p4/8/2NPP3/PPP1BPPP/BRQ1N1KR w HBhb - 0 9, 27, 780, 20760, 589328, 16243731, 463883447" classname="com.welyab.ankobachen.BoardTest" time="0.234"/>
  <testcase name="[403] brq1nkrb/ppp2ppp/8/n2pp2P/P7/4P3/1PPP1PP1/BRQNNKRB w GBgb - 1 9, 17, 426, 8295, 235162, 5048497, 153986034" classname="com.welyab.ankobachen.BoardTest" time="0.103"/>
  <testcase name="[404] rbbqn1kr/pp2p1pp/6n1/2pp1p2/2P4P/P7/BP1PPPP1/R1BQNNKR w HAha - 0 9, 27, 916, 25798, 890435, 26302461, 924181432" classname="com.welyab.ankobachen.BoardTest" time="0.508"/>
  <testcase name="[405] 1qbbn1kr/1ppppppp/r3n3/8/p1P5/P7/1P1PPPPP/RQBBNNKR w HAh - 1 9, 29, 817, 24530, 720277, 22147642, 670707652" classname="com.welyab.ankobachen.BoardTest" time="0.501"/>
  <testcase name="[406] rqbnnbkr/ppp1ppp1/7p/3p4/PP6/7P/1NPPPPP1/RQB1NBKR w HAa - 1 9, 23, 572, 14509, 381474, 10416981, 288064942" classname="com.welyab.ankobachen.BoardTest" time="0.151"/>
  <testcase name="[407] r1bnnkrb/q1ppp1pp/p7/1p3pB1/2P1P3/3P4/PP3PPP/RQ1NNKRB w GAga - 2 9, 31, 925, 27776, 860969, 26316355, 843078864" classname="com.welyab.ankobachen.BoardTest" time="0.378"/>
  <testcase name="[408] rbqnb1kr/ppppp1pp/5p2/5N2/7P/1n3P2/PPPPP1P1/RBQNB1KR w HAha - 1 9, 32, 864, 27633, 766551, 24738875, 707188107" classname="com.welyab.ankobachen.BoardTest" time="0.422"/>
  <testcase name="[409] rqnbbn1r/ppppppp1/6k1/8/6Pp/2PN4/PP1PPPKP/RQ1BBN1R w - - 0 9, 27, 566, 15367, 347059, 9714509, 234622128" classname="com.welyab.ankobachen.BoardTest" time="0.197"/>
  <testcase name="[410] rqnnbbkr/p1p2pp1/1p1p3p/4p3/4NP2/6P1/PPPPP2P/RQN1BBKR w HAha - 0 9, 27, 631, 17923, 452734, 13307890, 356279813" classname="com.welyab.ankobachen.BoardTest" time="0.203"/>
  <testcase name="[411] 1qnnbrkb/rppp1ppp/p3p3/8/4P3/2PP1P2/PP4PP/RQNNBKRB w GA - 1 9, 24, 479, 12135, 271469, 7204345, 175460841" classname="com.welyab.ankobachen.BoardTest" time="0.127"/>
[...]
  <testcase name="[862] rknrn1b1/ppppppqp/8/6p1/2P5/2P1BP2/PP2P1PP/RKNRNB1Q w DAda - 1 9, 31, 807, 24360, 672973, 20455205, 588518645" classname="com.welyab.ankobachen.BoardTest" time="0.406"/>
  <testcase name="[863] 1k1rnqbb/npppppp1/r7/p2B3p/5P2/1N4P1/PPPPP2P/RK1RNQB1 w DAd - 0 9, 40, 1122, 44297, 1249989, 48711073, 1412437357" classname="com.welyab.ankobachen.BoardTest" time="0.976"/>
  <testcase name="[864] bbqr1rkn/pp1ppppp/8/2p5/1P2P1n1/7N/P1PP1P1P/BBQRKR1N w FD - 0 9, 26, 841, 22986, 746711, 21328001, 705170410" classname="com.welyab.ankobachen.BoardTest" time="0.415"/>
  <testcase name="[865] bqkr1rnn/1ppp1ppp/p4b2/4p3/P7/3PP2N/1PP2PPP/BQRBKR1N w FC - 3 9, 24, 500, 12802, 293824, 7928916, 197806842" classname="com.welyab.ankobachen.BoardTest" time="0.431"/>
  <testcase name="[866] bqrkrbnn/1pp1ppp1/8/p6p/3p4/P3P2P/QPPP1PP1/B1RKRBNN w ECec - 0 9, 31, 592, 18585, 396423, 12607528, 298629240" classname="com.welyab.ankobachen.BoardTest" time="0.295"/>
  <testcase name="[867] bqkrrnnb/2p1pppp/p7/1P1p4/8/2R3P1/PP1PPP1P/BQ1KRNNB w E - 0 9, 42, 1124, 45187, 1276664, 50052573, 1483524894" classname="com.welyab.ankobachen.BoardTest" time="0.763"/>
  <testcase name="[868] qbbrkrn1/p1pppn1p/8/1p3Pp1/2P5/8/PP1PPP1P/QBBRKRNN w FDfd - 0 9, 21, 577, 13244, 392131, 9683808, 300294295" classname="com.welyab.ankobachen.BoardTest" time="0.295"/>
  <testcase name="[869] qrbbkrnn/pp1p2pp/4p3/5p2/2p2P1P/2P5/PP1PP1P1/QRBBKRNN w FBfb - 0 9, 21, 571, 12736, 345681, 8239872, 228837930" classname="com.welyab.ankobachen.BoardTest" time="0.184"/>
  <testcase name="[870] qrbkrbn1/1pp1pppp/p2p4/8/5PPn/2P5/PP1PP3/QRBKRBNN w EBeb - 0 9, 18, 466, 9443, 257776, 5679073, 162883949" classname="com.welyab.ankobachen.BoardTest" time="0.128"/>
  <testcase name="[871] qrb1rnnb/pp1p1ppp/2pk4/4p3/1P2P3/1R6/P1PP1PPP/Q1BKRNNB w E - 4 9, 37, 760, 26863, 562201, 19486022, 421740856" classname="com.welyab.ankobachen.BoardTest" time="0.23"/>
  <testcase name="[872] qbrkbrn1/p1pppp1p/6n1/1p4p1/1P6/5P2/P1PPPBPP/QBRK1RNN w FCfc - 1 9, 33, 824, 27385, 750924, 25176664, 734656217" classname="com.welyab.ankobachen.BoardTest" time="0.293"/>
  <testcase name="[873] qrkbbr2/2pppppp/5nn1/pp1Q4/P7/3P4/1PP1PPPP/1RKBBRNN w FBfb - 0 9, 42, 1147, 44012, 1311247, 48216013, 1522548864" classname="com.welyab.ankobachen.BoardTest" time="0.581"/>
  <testcase name="[874] qrkrbbnn/pp2pp2/2pp2pp/1B6/P7/4P3/1PPP1PPP/QRKRB1NN w DBdb - 0 9, 26, 464, 12653, 242892, 6928220, 142507795" classname="com.welyab.ankobachen.BoardTest" time="0.135"/>
  <testcase name="[875] qrkrbnnb/p1pp1pp1/1p5p/4p3/1P6/6PN/PKPPPP1P/QR1RBN1B w db - 0 9, 29, 705, 20000, 529810, 15055365, 419552571" classname="com.welyab.ankobachen.BoardTest" time="0.231"/>
  <testcase name="[876] qbrkr1bn/p1p1pp1p/1p1p2n1/6p1/3P1P2/4P3/PPP3PP/QBKRRNBN w ec - 2 9, 23, 613, 14835, 426484, 10747407, 323905533" classname="com.welyab.ankobachen.BoardTest" time="0.144"/>
  <testcase name="[877] qrk1rnb1/p1pp1ppp/1p2Bbn1/8/4P3/6P1/PPPP1P1P/QRK1RNBN w EBeb - 1 9, 28, 927, 24887, 846839, 23063284, 807913585" classname="com.welyab.ankobachen.BoardTest" time="0.341"/>
  <testcase name="[878] 1qkrnbbn/1rpppppp/pp6/5N2/P4P2/8/1PPPP1PP/QRKRNBB1 w DBd - 3 9, 30, 542, 16646, 345172, 10976745, 251694423" classname="com.welyab.ankobachen.BoardTest" time="0.243"/>
  <testcase name="[879] qrkr2bb/pppppppp/8/1n2n3/1N5P/1P6/P1PPPPP1/QRKR1NBB w DBdb - 1 9, 28, 719, 21048, 562015, 17351761, 479400272" classname="com.welyab.ankobachen.BoardTest" time="0.306"/>
  <testcase name="[880] bbrqkrnn/3ppppp/8/ppp5/6P1/4P2N/PPPPKP1P/BBRQ1R1N w fc - 0 9, 21, 704, 16119, 546215, 13676371, 470796854" classname="com.welyab.ankobachen.BoardTest" time="0.364"/>
  <testcase name="[881] brqbkrnn/1pp2p1p/3pp1p1/p5N1/8/1P6/P1PPPPPP/BRQBK1RN w Bfb - 0 9, 34, 688, 22827, 505618, 16639723, 402140795" classname="com.welyab.ankobachen.BoardTest" time="0.242"/>
  <testcase name="[882] br1krb1n/2qppppp/pp3n2/8/1P4P1/8/P1PPPP1P/1RQKRBNN w EBeb - 0 9, 24, 945, 23943, 926427, 25019636, 959651619" classname="com.welyab.ankobachen.BoardTest" time="0.519"/>
  <testcase name="[883] brqkr1nb/2ppp1pp/1p2np2/p7/2P1PN2/8/PP1P1PPP/BRQKRN1B w EBeb - 0 9, 28, 675, 19728, 504128, 15516491, 417396563" classname="com.welyab.ankobachen.BoardTest" time="0.264"/>
  <testcase name="[884] rbbqkrnn/3pppp1/p7/1pp4p/2P1P2P/8/PP1P1PP1/RBBQKRNN w FAfa - 0 9, 26, 671, 18164, 496806, 14072641, 404960259" classname="com.welyab.ankobachen.BoardTest" time="0.213"/>
  <testcase name="[885] rqbbkr1n/pp1p1p1p/4pn2/2p3p1/4P1P1/3P3P/PPP2P2/RQBBKRNN w FAfa - 0 9, 22, 633, 14629, 441809, 10776416, 335689685" classname="com.welyab.ankobachen.BoardTest" time="0.198"/>
  <testcase name="[886] rqbkrbnn/p1ppp3/1p3pp1/7p/3P4/P1P5/1PQ1PPPP/R1BKRBNN w EAea - 0 9, 32, 607, 20339, 454319, 15586203, 383515709" classname="com.welyab.ankobachen.BoardTest" time="0.204"/>
  <testcase name="[887] rqbkrnn1/pp2ppbp/3p4/2p3p1/2P5/1P3N1P/P2PPPP1/RQBKRN1B w EAea - 1 9, 29, 943, 28732, 908740, 28761841, 907579129" classname="com.welyab.ankobachen.BoardTest" time="0.4"/>
  <testcase name="[888] rbqkb1nn/1ppppr1p/p5p1/5p2/1P6/2P4P/P1KPPPP1/RBQ1BRNN w a - 1 9, 22, 441, 10403, 231273, 5784206, 140934555" classname="com.welyab.ankobachen.BoardTest" time="0.105"/>
  <testcase name="[889] rqkb1rnn/1pp1pp1p/p5p1/1b1p4/3P4/P5P1/RPP1PP1P/1QKBBRNN w Ffa - 1 9, 21, 505, 11592, 290897, 7147063, 188559137" classname="com.welyab.ankobachen.BoardTest" time="0.102"/>
  <testcase name="[890] rq1rbbnn/pkp1ppp1/3p3p/1p2N1P1/8/8/PPPPPP1P/RQKRBB1N w DA - 0 9, 27, 608, 16419, 387751, 10808908, 268393274" classname="com.welyab.ankobachen.BoardTest" time="0.223"/>
  <testcase name="[891] rqkrb2b/p2ppppp/2p3nn/1p6/5P2/PP1P4/2P1P1PP/RQKRBNNB w DAda - 1 9, 30, 749, 21563, 581531, 16916813, 485406712" classname="com.welyab.ankobachen.BoardTest" time="0.241"/>
  <testcase name="[892] rbqkr1bn/pp1ppp2/2p1n2p/6p1/8/4BPNP/PPPPP1P1/RBQKRN2 w EAea - 0 9, 23, 600, 15082, 410057, 11041820, 314327867" classname="com.welyab.ankobachen.BoardTest" time="0.277"/>
  <testcase name="[893] rqkbrnb1/2ppp1pp/pp3pn1/8/5P2/B2P4/PPP1P1PP/RQKBRN1N w EAea - 2 9, 22, 569, 13541, 371471, 9395816, 269460607" classname="com.welyab.ankobachen.BoardTest" time="0.145"/>
  <testcase name="[894] rqkrnbb1/p1p1pppp/1p4n1/3p4/7P/P3P3/1PPPBPP1/RQKRN1BN w DAda - 0 9, 27, 579, 15565, 373079, 10238486, 266047417" classname="com.welyab.ankobachen.BoardTest" time="0.196"/>
  <testcase name="[895] rqkrn1bb/p1ppp1pp/4n3/1p6/6p1/4N3/PPPPPPPP/RQKR2BB w DAda - 0 9, 20, 462, 10234, 274162, 6563859, 193376359" classname="com.welyab.ankobachen.BoardTest" time="0.164"/>
  <testcase name="[896] bbrkqr2/pppp1ppp/6nn/8/2P1p3/3PP2N/PP3PPP/BBRKQR1N w FCfc - 0 9, 28, 724, 21688, 619064, 19318355, 593204629" classname="com.welyab.ankobachen.BoardTest" time="0.315"/>
  <testcase name="[897] brk1qrnn/1pppbppp/4p3/8/1p6/P1P4P/3PPPP1/BRKBQRNN w FBfb - 1 9, 24, 662, 16920, 468215, 12610387, 355969349" classname="com.welyab.ankobachen.BoardTest" time="0.22"/>
  <testcase name="[898] 1r1qrbnn/p1pkpppp/1p1p4/8/3P1PP1/P4b2/1PP1P2P/BRKQRBNN w EB - 1 9, 22, 696, 17021, 510247, 13697382, 401903030" classname="com.welyab.ankobachen.BoardTest" time="0.194"/>
  <testcase name="[899] 1rkqrnnb/p1p1p1pp/1p1p4/3b1p1N/4P3/5N2/PPPP1PPP/BRKQR2B w EBeb - 1 9, 29, 887, 27035, 816176, 26051242, 791718847" classname="com.welyab.ankobachen.BoardTest" time="0.383"/>
  <testcase name="[900] rbbkq1rn/pppppppp/7n/8/P7/3P3P/1PPKPPP1/RBB1QRNN w a - 3 9, 22, 417, 9900, 216855, 5505063, 134818483" classname="com.welyab.ankobachen.BoardTest" time="0.086"/>
  <testcase name="[901] rkbbqr1n/1p1pppp1/2p2n2/p4NBp/8/3P4/PPP1PPPP/RK1BQRN1 w FAfa - 0 9, 37, 832, 30533, 728154, 26676373, 673756141" classname="com.welyab.ankobachen.BoardTest" time="0.323"/>
  <testcase name="[902] rkbqrb1n/3pBppp/ppp2n2/8/8/P2P4/1PP1PPPP/RK1QRBNN w EAea - 0 9, 28, 685, 19718, 543069, 16033316, 482288814" classname="com.welyab.ankobachen.BoardTest" time="0.232"/>
  <testcase name="[903] rkb1rn1b/ppppqppp/4p3/8/1P2n1P1/5Q2/P1PP1P1P/RKB1RNNB w EAea - 2 9, 37, 1158, 40114, 1234768, 44672979, 1389312729" classname="com.welyab.ankobachen.BoardTest" time="0.596"/>
  <testcase name="[904] r1kqbrnn/pp1pp1p1/7p/2P2p2/5b2/3P4/P1P1P1PP/RBKQBRNN w FAfa - 0 9, 5, 161, 4745, 154885, 4734999, 157499039" classname="com.welyab.ankobachen.BoardTest" time="0.063"/>
  <testcase name="[905] rkqbbr1n/ppp1ppp1/8/Q2p3p/4n3/3P1P2/PPP1P1PP/RK1BBRNN w FAfa - 2 9, 38, 1144, 40433, 1236877, 43832975, 1366087771" classname="com.welyab.ankobachen.BoardTest" time="0.486"/>
  <testcase name="[906] rkqrbbn1/p1ppppp1/Bp5p/8/P6n/2P1P3/1P1P1PPP/RKQRB1NN w DAda - 0 9, 28, 551, 15488, 350861, 9944107, 251179183" classname="com.welyab.ankobachen.BoardTest" time="0.152"/>
  <testcase name="[907] rkqrb1nb/1ppp1ppp/p7/4p3/5n2/3P2N1/PPPQPPPP/RK1RB1NB w DAda - 0 9, 26, 690, 19877, 513628, 15965907, 418191735" classname="com.welyab.ankobachen.BoardTest" time="0.257"/>
  <testcase name="[908] rbkqrnbn/pppp1p2/4p1p1/7p/7P/P2P4/BPP1PPP1/R1KQRNBN w EAea - 0 9, 27, 515, 13992, 309727, 8792550, 218658292" classname="com.welyab.ankobachen.BoardTest" time="0.137"/>
  <testcase name="[909] rkqbrnbn/pp1ppp2/8/2p3p1/P1P4p/5P2/1PKPP1PP/R1QBRNBN w ea - 0 9, 27, 627, 16843, 431101, 11978698, 328434174" classname="com.welyab.ankobachen.BoardTest" time="0.201"/>
  <testcase name="[910] rkqrnbbn/1p2pp1p/3p2p1/p1p5/P5PP/3N4/1PPPPP2/RKQR1BBN w DAda - 0 9, 23, 624, 15512, 451860, 11960861, 367311176" classname="com.welyab.ankobachen.BoardTest" time="0.196"/>
  <testcase name="[911] rk2rnbb/ppqppppp/2pn4/8/1P3P2/6P1/P1PPP1NP/RKQR1NBB w DAa - 1 9, 27, 727, 20206, 581003, 16633696, 505212747" classname="com.welyab.ankobachen.BoardTest" time="0.26"/>
  <testcase name="[912] b1krrqnn/pp1ppp1p/2p3p1/8/P3Pb1P/1P6/2PP1PP1/BBRKRQNN w EC - 0 9, 32, 943, 30759, 865229, 28672582, 800922511" classname="com.welyab.ankobachen.BoardTest" time="0.348"/>
  <testcase name="[913] 1rkbrqnn/p1pp1ppp/1p6/8/P2Pp3/8/1PPKPPQP/BR1BR1NN w eb - 0 9, 28, 916, 24892, 817624, 22840279, 759318058" classname="com.welyab.ankobachen.BoardTest" time="0.354"/>
  <testcase name="[914] brkrqb1n/1pppp1pp/p7/3n1p2/P5P1/3PP3/1PP2P1P/BRKRQBNN w DBdb - 0 9, 27, 669, 18682, 484259, 13956472, 380267099" classname="com.welyab.ankobachen.BoardTest" time="0.198"/>
  <testcase name="[915] brkrqnnb/3pppp1/1p6/p1p4p/2P3P1/6N1/PP1PPP1P/BRKRQ1NB w DBdb - 0 9, 29, 699, 20042, 512639, 15093909, 406594531" classname="com.welyab.ankobachen.BoardTest" time="0.205"/>
  <testcase name="[916] r1bkrq1n/pp2pppp/3b1n2/2pp2B1/6P1/3P1P2/PPP1P2P/RB1KRQNN w EAea - 2 9, 27, 835, 22848, 713550, 19867800, 631209313" classname="com.welyab.ankobachen.BoardTest" time="0.327"/>
  <testcase name="[917] rk1brq1n/p1p1pppp/3p1n2/1p3b2/4P3/2NQ4/PPPP1PPP/RKBBR2N w EAea - 4 9, 36, 1004, 35774, 979608, 35143142, 966310885" classname="com.welyab.ankobachen.BoardTest" time="0.959"/>
  <testcase name="[918] rkbrqbnn/1p2ppp1/B1p5/p2p3p/4P2P/8/PPPP1PP1/RKBRQ1NN w DAda - 0 9, 27, 748, 21005, 597819, 17597073, 515304215" classname="com.welyab.ankobachen.BoardTest" time="0.509"/>
  <testcase name="[919] rkbrqn1b/pp1pp1pp/2p2p2/5n2/8/2P2P2/PP1PP1PP/RKBRQ1NB w DAda - 0 9, 20, 479, 10485, 266446, 6253775, 167767913" classname="com.welyab.ankobachen.BoardTest" time="0.162"/>
  <testcase name="[920] rbkrbnn1/ppppp1pp/5q2/5p2/5P2/P3P2N/1PPP2PP/RBKRBQ1N w DAda - 3 9, 28, 947, 26900, 876068, 26007841, 838704143" classname="com.welyab.ankobachen.BoardTest" time="0.888"/>
  <testcase name="[921] rkr1bqnn/1ppp1p1p/p5p1/4p3/3PP2b/2P2P2/PP4PP/RKRBBQNN w CAca - 0 9, 31, 1004, 32006, 1006830, 32688124, 1024529879" classname="com.welyab.ankobachen.BoardTest" time="0.596"/>
  <testcase name="[922] rkrqbbnn/pppp3p/8/4ppp1/1PP4P/8/P2PPPP1/RKRQBBNN w CAca - 0 9, 24, 717, 18834, 564137, 15844525, 484884485" classname="com.welyab.ankobachen.BoardTest" time="0.36"/>
  <testcase name="[923] rkrqbn1b/pppp2pp/8/4pp2/1P1P2n1/5N2/P1P1PP1P/RKRQBN1B w CAca - 0 9, 25, 718, 19654, 587666, 17257753, 537354146" classname="com.welyab.ankobachen.BoardTest" time="0.356"/>
  <testcase name="[924] rbkrqnbn/p1p1ppp1/1p1p4/8/3PP2p/2PB4/PP3PPP/R1KRQNBN w DAda - 0 9, 30, 754, 23298, 611322, 19338246, 532603566" classname="com.welyab.ankobachen.BoardTest" time="0.376"/>
  <testcase name="[925] 1krbqnbn/1p2pppp/r1pp4/p7/8/1P1P2PP/P1P1PP2/RKRBQNBN w CAc - 0 9, 21, 566, 13519, 375128, 9700847, 279864836" classname="com.welyab.ankobachen.BoardTest" time="0.181"/>
  <testcase name="[926] rkrq1b2/pppppppb/3n2np/2N5/4P3/7P/PPPP1PP1/RKRQ1BBN w CAca - 1 9, 33, 654, 21708, 479678, 15990307, 382218272" classname="com.welyab.ankobachen.BoardTest" time="0.471"/>
  <testcase name="[927] rkr1nnbb/ppp2p1p/3p1qp1/4p3/P5P1/3PN3/1PP1PP1P/RKRQN1BB w CAca - 1 9, 28, 715, 20361, 555328, 16303092, 468666425" classname="com.welyab.ankobachen.BoardTest" time="0.303"/>
  <testcase name="[928] bbrkrnqn/1p1ppppp/8/8/p2pP3/PP6/2P2PPP/BBRKRNQN w ECec - 0 9, 24, 757, 19067, 603231, 15957628, 509307623" classname="com.welyab.ankobachen.BoardTest" time="0.315"/>
  <testcase name="[929] brkbrnqn/ppp2p2/4p3/P2p2pp/6P1/5P2/1PPPP2P/BRKBRNQN w EBeb - 0 9, 25, 548, 14563, 348259, 9688526, 247750144" classname="com.welyab.ankobachen.BoardTest" time="0.301"/>
  <testcase name="[930] brkr1bqn/1pppppp1/3n3p/1p6/P7/4P1P1/1PPP1P1P/BRKRN1QN w DBdb - 0 9, 19, 359, 7430, 157099, 3521652, 81787718" classname="com.welyab.ankobachen.BoardTest" time="0.161"/>
  <testcase name="[931] brkr1qnb/pppp2pp/2B1p3/5p2/2n5/6PP/PPPPPPN1/BRKR1QN1 w DBdb - 1 9, 27, 854, 23303, 741626, 20558538, 667089231" classname="com.welyab.ankobachen.BoardTest" time="0.554"/>
  <testcase name="[932] rbbkrnqn/p1p1p1pp/8/1p1p4/1P1Pp3/6N1/P1P2PPP/RBBKRNQ1 w EAea - 0 9, 28, 723, 19844, 514440, 14621108, 397454100" classname="com.welyab.ankobachen.BoardTest" time="0.305"/>
  <testcase name="[933] rkbbrn1n/pppppp2/5q1p/6p1/3P3P/4P3/PPP2PP1/RKBBRNQN w EAea - 1 9, 25, 741, 19224, 585198, 15605840, 485037906" classname="com.welyab.ankobachen.BoardTest" time="0.345"/>
  <testcase name="[934] rkbr1bq1/ppnppppp/6n1/2p5/2P1N2P/8/PP1PPPP1/RKBRNBQ1 w DAda - 3 9, 24, 547, 14359, 339497, 9410221, 234041078" classname="com.welyab.ankobachen.BoardTest" time="0.155"/>
  <testcase name="[935] 1kbrnqnb/r1ppppp1/8/pp5p/8/1P1NP3/P1PP1PPP/RKB1RQNB w Ad - 2 9, 26, 618, 17305, 442643, 13112297, 357030697" classname="com.welyab.ankobachen.BoardTest" time="0.172"/>
  <testcase name="[936] rbkrb1qn/1pp1ppp1/3pn2p/pP6/8/4N1P1/P1PPPP1P/RBKRB1QN w DAda - 0 9, 21, 544, 12492, 338832, 8381483, 236013157" classname="com.welyab.ankobachen.BoardTest" time="0.14"/>
  <testcase name="[937] rkrbbnqn/ppppp3/5p2/6pp/5PBP/4P3/PPPP2P1/RKR1BNQN w CAca - 0 9, 30, 891, 25435, 764356, 21894752, 669256602" classname="com.welyab.ankobachen.BoardTest" time="0.501"/>
  <testcase name="[938] rkr1bb1n/ppppp1pp/5p2/4n3/3QP3/5P2/RPPP2PP/1KRNBB1N w Cca - 1 9, 45, 1172, 51766, 1332060, 57856784, 1501852662" classname="com.welyab.ankobachen.BoardTest" time="0.481"/>
  <testcase name="[939] rkr1bqnb/pp1ppppp/8/2pN4/1P6/5N2/P1PPnPPP/RKR1BQ1B w CAca - 0 9, 28, 730, 20511, 559167, 16323242, 463032124" classname="com.welyab.ankobachen.BoardTest" time="0.254"/>
  <testcase name="[940] rbkrnqb1/2ppppp1/p5np/1p6/8/3N4/PPPPPPPP/RBKRQNB1 w DAda - 2 9, 20, 417, 9159, 217390, 5180716, 133936564" classname="com.welyab.ankobachen.BoardTest" time="0.127"/>
  <testcase name="[941] rkrbnqb1/p1pppnpp/5p2/1p6/2P5/1P1P1N2/P3PPPP/RKRB1QBN w CAca - 0 9, 25, 546, 14039, 330316, 8813781, 222026485" classname="com.welyab.ankobachen.BoardTest" time="0.149"/>
  <testcase name="[942] rkr1qbbn/ppppppp1/4n3/7p/8/P7/KPPPPPPP/R1RNQBBN w ca - 0 9, 22, 484, 11458, 267495, 6633319, 163291279" classname="com.welyab.ankobachen.BoardTest" time="0.094"/>
  <testcase name="[943] rkrnqnb1/1ppppp2/p5p1/7p/8/P1bPP3/1PP1QPPP/RKRN1NBB w CAca - 0 9, 22, 636, 15526, 441001, 11614241, 331083405" classname="com.welyab.ankobachen.BoardTest" time="0.202"/>
  <testcase name="[944] b2krn1q/p1rppppp/1Q3n2/2p1b3/1P4P1/8/P1PPPP1P/BBRKRNN1 w ECe - 3 9, 36, 1192, 42945, 1406795, 50382104, 1650202838" classname="com.welyab.ankobachen.BoardTest" time="0.603"/>
  <testcase name="[945] brkbrnn1/pp1pppp1/7q/2p5/6Pp/4P1NP/PPPP1P2/BRKBR1NQ w EBeb - 2 9, 30, 978, 29593, 942398, 29205057, 936568065" classname="com.welyab.ankobachen.BoardTest" time="0.6"/>
  <testcase name="[946] brkrnb1q/pp1p1ppp/2p1p3/5n2/1P6/5N1N/P1PPPPPP/BRKR1B1Q w DBdb - 1 9, 31, 897, 27830, 810187, 25423729, 755334868" classname="com.welyab.ankobachen.BoardTest" time="0.371"/>
  <testcase name="[947] brkr1nqb/pp1p1pp1/2pn3p/P3p3/4P3/6P1/1PPP1P1P/BRKRNNQB w DBdb - 0 9, 19, 382, 8052, 182292, 4232274, 103537333" classname="com.welyab.ankobachen.BoardTest" time="0.101"/>
  <testcase name="[948] r1bkrn1q/ppbppppp/5n2/2p5/3P4/P6N/1PP1PPPP/RBBKRNQ1 w EAea - 3 9, 27, 822, 22551, 678880, 19115128, 578210135" classname="com.welyab.ankobachen.BoardTest" time="0.3"/>
  <testcase name="[949] rkbbrnnq/pp2pppp/8/2pp4/P1P5/1P3P2/3PP1PP/RKBBRNNQ w EAea - 1 9, 23, 643, 15410, 442070, 11170489, 329615708" classname="com.welyab.ankobachen.BoardTest" time="0.205"/>
  <testcase name="[950] rkbr1b1q/p1pppppp/1p1n4/7n/5QP1/3N4/PPPPPP1P/RKBR1BN1 w DAda - 4 9, 37, 943, 34382, 880474, 31568111, 842265141" classname="com.welyab.ankobachen.BoardTest" time="0.885"/>
  <testcase name="[951] rkbr1nqb/pppp2np/8/4ppp1/1P6/6N1/P1PPPPPP/RKBRN1QB w DAda - 1 9, 23, 574, 13260, 362306, 9020291, 261247606" classname="com.welyab.ankobachen.BoardTest" time="0.166"/>
  <testcase name="[952] rbkr1nnq/p1p1pp1p/1p4p1/3p4/b3P3/4N3/PPPPNPPP/RBKRB1Q1 w DAda - 0 9, 26, 900, 23414, 805006, 21653203, 745802405" classname="com.welyab.ankobachen.BoardTest" time="0.515"/>
  <testcase name="[953] rkrbb1nq/p2pppp1/1p4n1/2p4p/3N4/4P1P1/PPPP1P1P/RKRBBN1Q w CAca - 0 9, 32, 697, 22231, 531121, 17150175, 441578567" classname="com.welyab.ankobachen.BoardTest" time="0.484"/>
  <testcase name="[954] rkrnbb1q/pp2pp1p/6pn/2pp4/2B1P2P/8/PPPP1PP1/RKRNB1NQ w CAca - 0 9, 28, 854, 23853, 755990, 21823412, 712787248" classname="com.welyab.ankobachen.BoardTest" time="0.501"/>
  <testcase name="[955] rk2bnqb/pprpppp1/4n2p/2p5/P7/3P2NP/1PP1PPP1/RKRNB1QB w CAa - 1 9, 26, 596, 16251, 414862, 11758184, 323043654" classname="com.welyab.ankobachen.BoardTest" time="0.168"/>
  <testcase name="[956] r1krnnbq/pp1ppp1p/6p1/2p5/2P5/P3P3/Rb1P1PPP/1BKRNNBQ w Dda - 0 9, 2, 61, 1312, 40072, 937188, 28753562" classname="com.welyab.ankobachen.BoardTest" time="0.019"/>
  <testcase name="[957] 1krbnnbq/1pp1p1pp/r7/p2p1p2/3PP3/2P3P1/PP3P1P/RKRBNNBQ w CAc - 0 9, 30, 953, 28033, 860530, 25531358, 787205262" classname="com.welyab.ankobachen.BoardTest" time="0.369"/>
  <testcase name="[958] rkr1nbbq/2ppp1pp/1pn5/p4p2/P6P/3P4/1PP1PPPB/RKRNNB1Q w CAca - 1 9, 24, 645, 15689, 446423, 11484012, 341262639" classname="com.welyab.ankobachen.BoardTest" time="0.289"/>
  <testcase name="[959] rkrnnqbb/p1ppp2p/Qp6/4Pp2/5p2/8/PPPP2PP/RKRNN1BB w CAca - 0 9, 35, 929, 32020, 896130, 31272517, 915268405" classname="com.welyab.ankobachen.BoardTest" time="0.966"/>
  <testcase name="[960] bbq1nr1r/pppppk1p/2n2p2/6p1/P4P2/4P1P1/1PPP3P/BBQNNRKR w HF - 1 9, 23, 589, 14744, 387556, 10316716, 280056112" classname="com.welyab.ankobachen.BoardTest" time="0.279"/>
  <testcase name="test perft depth 5 fen rnbqkbnr|pppppppp|8|8|8|8|PPPPPPPP|RNBQKBNR w KQkq - 0 1()" classname="com.welyab.ankobachen.BoardTest" time="3.289"/>
  <testcase name="test perft depth 4 fen r3k2r|p1ppqpb1|bn2pnp1|3PN3|1p2P3|2N2Q1p|PPPBBPPP|R3K2R w KQkq -()" classname="com.welyab.ankobachen.BoardTest" time="2.549"/>
  <testcase name="test perft depth 6 fen 8|2p5|3p4|KP5r|1R3p1k|8|4P1P1|8 w - -()" classname="com.welyab.ankobachen.BoardTest" time="5.977"/>
  <testcase name="test perft depth 4 fen r2q1rk1|pP1p2pp|Q4n2|bbp1p3|Np6|1B3NBn|pPPP1PPP|R3K2R b KQ - 0 1()" classname="com.welyab.ankobachen.BoardTest" time="0.231"/>
  <system-out><![CDATA[]]></system-out>
  <system-err><![CDATA[]]></system-err>
</testsuite>
